Removed Pin From Net: NetName=DC_NEUTRAL Pin=IC2-57
Removed Member From Class: ClassName=Wireless_and_DSP Member=IC1
Removed Member From Class: ClassName=Wireless_and_DSP Member=J3
Removed Member From Class: ClassName=Wireless_and_DSP Member=R1
Removed Member From Class: ClassName=Wireless_and_DSP Member=R2
Change Component Footprint: Designator=IC2 Old Footprint=QFN40P700X700X90-57N-D New Footprint=ESP32S3WROOM2N32R16V
Change Component Comment : Designator=IC2 Old Comment=ESP32-S3FN8 New Comment=ESP32-S3-WROOM-2-N32R16V
Change Component Designator: OldDesignator=R3 NewDesignator=R1
Change Component Designator: OldDesignator=R4 NewDesignator=R2
Change Component Designator: OldDesignator=R5 NewDesignator=R3
Change Component Designator: OldDesignator=R6 NewDesignator=R4
Change Component Designator: OldDesignator=R7 NewDesignator=R5
Change Component Designator: OldDesignator=R8 NewDesignator=R6
Change Component Designator: OldDesignator=R9 NewDesignator=R7
Change Component Designator: OldDesignator=R10 NewDesignator=R8
Change Component Designator: OldDesignator=R11 NewDesignator=R9
Change Component Designator: OldDesignator=R12 NewDesignator=R10
Change Component Designator: OldDesignator=R13 NewDesignator=R11
Change Component Designator: OldDesignator=R14 NewDesignator=R12
Change Component Designator: OldDesignator=R15 NewDesignator=R13
Change Component Designator: OldDesignator=R16 NewDesignator=R14
Change Component Designator: OldDesignator=R17 NewDesignator=R15
Change Component Designator: OldDesignator=R18 NewDesignator=R16
Change component parameters: Designator = "IC2" ("IC2"); Footprint = "QFN40P700X700X90-57N-D"; UniqueID = "\CIPUFYJZ" ("\CIPUFYJZ")
Change component parameters (AddParameter): Name = "Arrow Part Number"; Value = ""; VariantName = "[No Variations]"
Change component parameters (AddParameter): Name = "Arrow Price/Stock"; Value = ""; VariantName = "[No Variations]"
Change component parameters (AddParameter): Name = "Datasheet Link"; Value = "https://www.espressif.com/sites/default/files/documentation/esp32-s3-wroom-2_datasheet_en.pdf"; VariantName = "[No Variations]"
Change component parameters (AddParameter): Name = "Height"; Value = "3.25mm"; VariantName = "[No Variations]"
Change component parameters (AddParameter): Name = "Manufacturer_Name"; Value = "Espressif Systems"; VariantName = "[No Variations]"
Change component parameters (AddParameter): Name = "Manufacturer_Part_Number"; Value = "ESP32-S3-WROOM-2-N32R16V"; VariantName = "[No Variations]"
Change component parameters (AddParameter): Name = "Mouser Part Number"; Value = "356-SP32S3WM2N32R16V"; VariantName = "[No Variations]"
Change component parameters (AddParameter): Name = "Mouser Price/Stock"; Value = "https://www.mouser.co.uk/ProductDetail/Espressif-Systems/ESP32-S3-WROOM-2-N32R16V?qs=%252BHhoWzUJg4Kf%2FwmS40wg%252BQ%3D%3D"; VariantName = "[No Variations]"
Change Net Name : Old Net Name=NetR3_1 New Net Name=NetR1_1
Change Net Name : Old Net Name=NetR3_2 New Net Name=NetR1_2
Change Net Name : Old Net Name=NetR4_2 New Net Name=NetR2_2
Change Net Name : Old Net Name=NetR7_1 New Net Name=NetR5_1
Change Net Name : Old Net Name=NetR10_2 New Net Name=NetR8_2
Added Member To Class: ClassName=Wireless_and_DSP Member=Component IC2 ESP32-S3-WROOM-2-N32R16V
Added Member To Class: ClassName=Wireless_and_DSP Member=Component J1 PPTC141LFBN-RC
Added Member To Class: ClassName=Power Member=Component U2 LT3798EMSE#PBF
Added Member To Class: ClassName=Power Member=Component U4 LT1085CT-5#PBF
