Removed Member From Class: ClassName=DAC_and_amp Member=C8
Removed Member From Class: ClassName=DAC_and_amp Member=C9
Removed Member From Class: ClassName=DAC_and_amp Member=C10
Removed Member From Class: ClassName=DAC_and_amp Member=C16
Change Component Footprint: Designator=U1 Old Footprint=TI-PHP48-4520X4520TP_M New Footprint=TI-PWP28-5720X1950TP_L
Change Component Comment : Designator=U1 Old Comment=TPA3101D2PHPR New Comment=TPA3110D2PWPR
Change Component Designator: OldDesignator=C6 NewDesignator=C1
Change Component Designator: OldDesignator=C7 NewDesignator=C2
Change Component Designator: OldDesignator=C8 NewDesignator=C3
Change Component Designator: OldDesignator=C9 NewDesignator=C4
Change Component Designator: OldDesignator=C10 NewDesignator=C5
Change Component Designator: OldDesignator=C11 NewDesignator=C6
Change Component Designator: OldDesignator=C12 NewDesignator=C7
Change Component Designator: OldDesignator=C13 NewDesignator=C8
Change Component Designator: OldDesignator=C14 NewDesignator=C9
Change Component Designator: OldDesignator=C15 NewDesignator=C10
Change Component Designator: OldDesignator=C16 NewDesignator=C11
Change Component Designator: OldDesignator=C17 NewDesignator=C12
Change Component Designator: OldDesignator=C18 NewDesignator=C13
Change Component Designator: OldDesignator=C19 NewDesignator=C14
Change Component Designator: OldDesignator=C20 NewDesignator=C15
Change Component Designator: OldDesignator=IC1 NewDesignator=IC2
Change Component Designator: OldDesignator=IC2 NewDesignator=IC3
Change Component Designator: OldDesignator=IC3 NewDesignator=IC4
Change Component Designator: OldDesignator=U2 NewDesignator=U3
Change Component Designator: OldDesignator=U3 NewDesignator=U4
Change Component Designator: OldDesignator=U4 NewDesignator=U5
Change Managed Component Library Link : Designator=U1 Old VaultGUID=B7D15EC3-160A-466F-A46C-7801FE6295A7 New VaultGUID=B7D15EC3-160A-466F-A46C-7801FE6295A7 Old ItemGUID=3DB73857-420B-4152-934C-477DCFCD75DA New ItemGUID=BACB1F00-74CD-44DD-9007-29BDC8769238 Old RevisionGUID=01C09F36-F631-4764-B9FC-04FB6BFA037E New RevisionGUID=4B0E886D-74FB-4980-971B-7D7EC036D651
Change component parameters: Designator = "U1" ("U1"); Footprint = "TI-PHP48-4520X4520TP_M"; UniqueID = "\EVWAGFTV" ("\EVWAGFTV")
Change component parameters (AddParameter): Name = "Analog Supply Max [V]"; Value = "26"; VariantName = "[No Variations]"
Change component parameters (AddParameter): Name = "Analog Supply Min [V]"; Value = "8"; VariantName = "[No Variations]"
Change component parameters (AddParameter): Name = "Code_JEDEC"; Value = "MO-153"; VariantName = "[No Variations]"
Change component parameters (AddParameter): Name = "ComponentLink1Description"; Value = "Manufacturer URL"; VariantName = "[No Variations]"
Change component parameters (AddParameter): Name = "ComponentLink1URL"; Value = "http://www.ti.com/"; VariantName = "[No Variations]"
Change component parameters (AddParameter): Name = "ComponentLink2Description"; Value = "Datasheet"; VariantName = "[No Variations]"
Change component parameters (AddParameter): Name = "ComponentLink2URL"; Value = "http://www.ti.com/general/docs/lit/getliterature.tsp?genericPartNumber=TPA3110D2&fileType=pdf"; VariantName = "[No Variations]"
Change component parameters (AddParameter): Name = "ComponentLink3Description"; Value = "Package Specification"; VariantName = "[No Variations]"
Change component parameters (AddParameter): Name = "ComponentLink3URL"; Value = "http://www.ti.com/litv/pdf/mpds373"; VariantName = "[No Variations]"
Change component parameters (AddParameter): Name = "DatasheetVersion"; Value = "SLOS528D"; VariantName = "[No Variations]"
Change component parameters (AddParameter): Name = "Eco-Plan"; Value = "Green (RoHS & no Sb/Br)"; VariantName = "[No Variations]"
Change component parameters (AddParameter): Name = "Input Type"; Value = "Analog"; VariantName = "[No Variations]"
Change component parameters (AddParameter): Name = "Manufacturer"; Value = "Texas Instruments"; VariantName = "[No Variations]"
Change component parameters (AddParameter): Name = "Max. Number of Speaker Outputs"; Value = "2"; VariantName = "[No Variations]"
Change component parameters (AddParameter): Name = "Mounting Technology"; Value = "Surface Mount"; VariantName = "[No Variations]"
Change component parameters (AddParameter): Name = "PackageDescription"; Value = "28-Pin Plastic Small Outline, Body 4.4 x 9.7 mm, Pitch 0.65 mm"; VariantName = "[No Variations]"
Change component parameters (AddParameter): Name = "PackageReference"; Value = "PWP28-5720X1950TP"; VariantName = "[No Variations]"
Change component parameters (AddParameter): Name = "PackageVersion"; Value = "4073225-6/I, 05/2011"; VariantName = "[No Variations]"
Change component parameters (AddParameter): Name = "PartNumber"; Value = "TPA3110D2PWPR"; VariantName = "[No Variations]"
Change component parameters (AddParameter): Name = "Power Stage Supply Min(V)"; Value = "8"; VariantName = "[No Variations]"
Change component parameters (AddParameter): Name = "SubFamily"; Value = "Mid/High-Power Amplifier"; VariantName = "[No Variations]"
Added Component: Designator=IC1(SOP65P640X120-20N)
Add component (AddParameter): Name = "Arrow Part Number"; Value = "PCM5102AQPWRQ1"; VariantName = "[No Variations]"
Add component (AddParameter): Name = "Arrow Price/Stock"; Value = "https://www.arrow.com/en/products/pcm5102aqpwrq1/texas-instruments?utm_currency=USD&region=nac"; VariantName = "[No Variations]"
Add component (AddParameter): Name = "Datasheet Link"; Value = "http://www.ti.com/lit/gpn/pcm5102a-q1"; VariantName = "[No Variations]"
Add component (AddParameter): Name = "Height"; Value = "1.2mm"; VariantName = "[No Variations]"
Add component (AddParameter): Name = "Manufacturer_Name"; Value = "Texas Instruments"; VariantName = "[No Variations]"
Add component (AddParameter): Name = "Manufacturer_Part_Number"; Value = "PCM5102AQPWRQ1"; VariantName = "[No Variations]"
Add component (AddParameter): Name = "Mouser Part Number"; Value = "595-PCM5102AQPWRQ1"; VariantName = "[No Variations]"
Add component (AddParameter): Name = "Mouser Price/Stock"; Value = "https://www.mouser.co.uk/ProductDetail/Texas-Instruments/PCM5102AQPWRQ1?qs=wqe5ZXqX%252B9%252B9Oa8bkTy%252BXw%3D%3D"; VariantName = "[No Variations]"
Added Component: Designator=U2(FP-PWP0028H-IPC_B)
Add component (AddParameter): Name = "Max Operating Temperature"; Value = "85°C"; VariantName = "[No Variations]"
Add component (AddParameter): Name = "Min Operating Temperature"; Value = "-40°C"; VariantName = "[No Variations]"
Add component (AddParameter): Name = "RoHS Compliant"; Value = "Yes"; VariantName = "[No Variations]"
Change Net Name : Old Net Name=NetC6_1 New Net Name=NetC1_1
Change Net Name : Old Net Name=NetC6_2 New Net Name=NetC1_2
Change Net Name : Old Net Name=NetC7_2 New Net Name=NetC2_2
Change Net Name : Old Net Name=NetC8_2 New Net Name=NetC3_2
Change Net Name : Old Net Name=NetC9_1 New Net Name=NetC4_1
Change Net Name : Old Net Name=NetC10_2 New Net Name=NetC5_2
Change Net Name : Old Net Name=NetC11_2 New Net Name=NetC6_2
Change Net Name : Old Net Name=NetC16_2 New Net Name=NetC11_2
Change Net Name : Old Net Name=NetIC2_5 New Net Name=NetIC3_5
Change Net Name : Old Net Name=NetIC2_7 New Net Name=NetIC3_7
Change Net Name : Old Net Name=NetIC2_8 New Net Name=NetIC3_8
Change Net Name : Old Net Name=NetIC2_9 New Net Name=NetIC3_9
Change Net Name : Old Net Name=NetIC2_10 New Net Name=NetIC3_10
Change Net Name : Old Net Name=NetIC2_11 New Net Name=NetIC3_11
Change Net Name : Old Net Name=NetIC2_13 New Net Name=NetIC3_13
Change Net Name : Old Net Name=NetIC2_14 New Net Name=NetIC3_14
Change Net Name : Old Net Name=NetIC2_20 New Net Name=NetIC3_20
Change Net Name : Old Net Name=NetIC2_29 New Net Name=NetIC3_29
Change Net Name : Old Net Name=NetIC2_44 New Net Name=NetIC3_44
Change Net Name : Old Net Name=NetIC2_45 New Net Name=NetIC3_45
Change Net Name : Old Net Name=NetIC2_47 New Net Name=NetIC3_47
Change Net Name : Old Net Name=NetIC2_48 New Net Name=NetIC3_48
Added Member To Class: ClassName=Power Member=Component C1 CC0603KRX7R7BB104
Added Member To Class: ClassName=Power Member=Component C2 GRM188R71A225KE15D
Added Member To Class: ClassName=Power Member=Component C6 22uF 25VDC 1210
Added Member To Class: ClassName=Power Member=Component C8 1206 10uF
Added Member To Class: ClassName=Power Member=Component C9 1000uF 25v
Added Member To Class: ClassName=Power Member=Component C10 1000uF 25v
Added Member To Class: ClassName=DAC_and_amp Member=Component IC1 PCM5102AQPWRQ1
Added Member To Class: ClassName=DAC_and_amp Member=Component U2 TPA3138D2PWP
Added Member To Class: ClassName=Power Member=Component U5 LT1085CT-5#PBF
