Added Component: Designator=T?(COIL-Z9260-AL_Z9007-BL-12_V)
Add component (AddParameter): Name = "Application"; Value = "70 W"; VariantName = "[No Variations]"
Add component (AddParameter): Name = "ComponentLink1Description"; Value = "Manufacturer URL"; VariantName = "[No Variations]"
Add component (AddParameter): Name = "ComponentLink1URL"; Value = "http://www.coilcraft.com/"; VariantName = "[No Variations]"
Add component (AddParameter): Name = "ComponentLink2Description"; Value = "Datasheet"; VariantName = "[No Variations]"
Add component (AddParameter): Name = "ComponentLink2URL"; Value = "http://www.coilcraft.com/pdf_viewer/showpdf.cfm?f=pdf_store:y8844.pdf"; VariantName = "[No Variations]"
Add component (AddParameter): Name = "ComponentLink3Description"; Value = "Package Specification"; VariantName = "[No Variations]"
Add component (AddParameter): Name = "ComponentLink3URL"; Value = "http://www.coilcraft.com/pdf_viewer/showpdf.cfm?f=pdf_store:y8844.pdf"; VariantName = "[No Variations]"
Add component (AddParameter): Name = "DatasheetVersion"; Value = "31/01/2005"; VariantName = "[No Variations]"
Add component (AddParameter): Name = "DCR max (Ohms)"; Value = "0.261 (12-7) 0.013 (6-1) 0.013 (4-3) 0.045 (11-8)"; VariantName = "[No Variations]"
Add component (AddParameter): Name = "Inductance +/-10% (mH)"; Value = "0.7"; VariantName = "[No Variations]"
Add component (AddParameter): Name = "Isolation (Vrms)"; Value = "2000"; VariantName = "[No Variations]"
Add component (AddParameter): Name = "Leakage inductance max (uH)"; Value = "26"; VariantName = "[No Variations]"
Add component (AddParameter): Name = "Manufacturer"; Value = "Coilcraft"; VariantName = "[No Variations]"
Add component (AddParameter): Name = "Mounting Technology"; Value = "Through Hole"; VariantName = "[No Variations]"
Add component (AddParameter): Name = "Operating Temperature Range"; Value = "-40 to 85 degC"; VariantName = "[No Variations]"
Add component (AddParameter): Name = "Output"; Value = "16 V, 4.2 A(sec) 15 V, 0.2 A (aux)"; VariantName = "[No Variations]"
Add component (AddParameter): Name = "PackageDescription"; Value = "12-Pin Through Hole Package, Body 36.8 x 36.8 mm"; VariantName = "[No Variations]"
Add component (AddParameter): Name = "PackageReference"; Value = "Z9260-AL-12"; VariantName = "[No Variations]"
Add component (AddParameter): Name = "PartNumber"; Value = "Z9260-AL"; VariantName = "[No Variations]"
Added Component: Designator=U?(INF-PG-DIP-7-1_A)
Add component (AddParameter): Name = "ComponentLink1Description"; Value = "Manufacturer URL"; VariantName = "[No Variations]"
Add component (AddParameter): Name = "ComponentLink1URL"; Value = "http://www.infineon.com/"; VariantName = "[No Variations]"
Add component (AddParameter): Name = "ComponentLink2Description"; Value = "Datasheet"; VariantName = "[No Variations]"
Add component (AddParameter): Name = "ComponentLink2URL"; Value = "http://www.infineon.com/dgdl/Datasheet_ICE3AR2280JZ_V21a_11Jan2012.pdf?folderId=db3a304412b407950112b4182a3d24f8&fileId=db3a3043284aacd801288a42141f2ad1"; VariantName = "[No Variations]"
Add component (AddParameter): Name = "ComponentLink3Description"; Value = "Package Specification"; VariantName = "[No Variations]"
Add component (AddParameter): Name = "ComponentLink3URL"; Value = "http://www.infineon.com/dgdl/Datasheet_ICE3BR0680JZ_V21a_11Jan2012.pdf?folderId=db3a30431f848401011fcbf221ff04c3&fileId=db3a304329a0f6ee0129e8b5bf735b64"; VariantName = "[No Variations]"
Add component (AddParameter): Name = "DatasheetVersion"; Value = "Rev. 2.1a"; VariantName = "[No Variations]"
Add component (AddParameter): Name = "ESD Protection (max)"; Value = "2 kV"; VariantName = "[No Variations]"
Add component (AddParameter): Name = "Frequency ( f ) Range"; Value = "100 kHz (fixed)"; VariantName = "[No Variations]"
Add component (AddParameter): Name = "Green"; Value = "TRUE"; VariantName = "[No Variations]"
Add component (AddParameter): Name = "Green Product"; Value = "Lead Free"; VariantName = "[No Variations]"
Add component (AddParameter): Name = "ICC (typ)"; Value = "3.4 mA"; VariantName = "[No Variations]"
Add component (AddParameter): Name = "ID (max)"; Value = "1.5 A"; VariantName = "[No Variations]"
Add component (AddParameter): Name = "Manufacturer"; Value = "Infineon"; VariantName = "[No Variations]"
Add component (AddParameter): Name = "Mounting Technology"; Value = "Through Hole"; VariantName = "[No Variations]"
Add component (AddParameter): Name = "PackageDescription"; Value = "7-Pin Plastic (Green) Dual In-Line Package, 9.44 x 6.35 mm Body, 2.54 mm Pitch"; VariantName = "[No Variations]"
Add component (AddParameter): Name = "PackageReference"; Value = "PG-DIP-7-1"; VariantName = "[No Variations]"
Add component (AddParameter): Name = "PackageVersion"; Value = "Rev. 02, 07/2011"; VariantName = "[No Variations]"
Add component (AddParameter): Name = "PartNumber"; Value = "ICE3AR2280JZ"; VariantName = "[No Variations]"
Add component (AddParameter): Name = "PIN (max)"; Value = "28 W"; VariantName = "[No Variations]"
Add component (AddParameter): Name = "RDS (on) (typ)"; Value = "2.26 Ohm"; VariantName = "[No Variations]"
Add component (AddParameter): Name = "RthJA (max)"; Value = "96 K/W"; VariantName = "[No Variations]"
Add component (AddParameter): Name = "tf (typ)"; Value = "30 ns"; VariantName = "[No Variations]"
Add component (AddParameter): Name = "tr (typ)"; Value = "30 ns"; VariantName = "[No Variations]"
Add component (AddParameter): Name = "VCC (max)"; Value = "25 V"; VariantName = "[No Variations]"
Add component (AddParameter): Name = "VCC (min)"; Value = "10.5 V"; VariantName = "[No Variations]"
Add component (AddParameter): Name = "VDS (max)"; Value = "800 V"; VariantName = "[No Variations]"
Added Member To Class: ClassName=Power Member=Component T? Z9007-BL
Added Member To Class: ClassName=Power Member=Component T? KA5038-BL
Added Member To Class: ClassName=Power Member=Component U? ICE3AR2280JZ
