Removed Pin From Net: NetName=NetC2_1 Pin=C2-1
Removed Pin From Net: NetName=NetC3_2 Pin=C3-2
Removed Pin From Net: NetName=DC_NEUTRAL Pin=C17-1
Removed Pin From Net: NetName=DC_NEUTRAL Pin=C18-1
Removed Pin From Net: NetName=NetC2_1 Pin=FB1-2
Removed Pin From Net: NetName=NetC3_2 Pin=FB2-2
Removed Member From Class: ClassName=Amplifier Member=U2
Change Component Designator: OldDesignator=C2 NewDesignator=C4
Change Component Designator: OldDesignator=C3 NewDesignator=C6
Change Component Designator: OldDesignator=C4 NewDesignator=C7
Change Component Designator: OldDesignator=C5 NewDesignator=C9
Change Component Designator: OldDesignator=C6 NewDesignator=C10
Change Component Designator: OldDesignator=C7 NewDesignator=C13
Change Component Designator: OldDesignator=C8 NewDesignator=C14
Change Component Designator: OldDesignator=C9 NewDesignator=C15
Change Component Designator: OldDesignator=C10 NewDesignator=C11
Change Component Designator: OldDesignator=C11 NewDesignator=C12
Change Component Designator: OldDesignator=C12 NewDesignator=C18
Change Component Designator: OldDesignator=C13 NewDesignator=C20
Change Component Designator: OldDesignator=C14 NewDesignator=C21
Change Component Designator: OldDesignator=C15 NewDesignator=C2
Change Component Designator: OldDesignator=C16 NewDesignator=C5
Change Component Designator: OldDesignator=C19 NewDesignator=C22
Change Component Designator: OldDesignator=C20 NewDesignator=C23
Change Component Designator: OldDesignator=C21 NewDesignator=C24
Change Component Designator: OldDesignator=C22 NewDesignator=C25
Change Component Designator: OldDesignator=C23 NewDesignator=C26
Change Component Designator: OldDesignator=C24 NewDesignator=C27
Change Component Designator: OldDesignator=C25 NewDesignator=C28
Change Component Designator: OldDesignator=C26 NewDesignator=C29
Change Component Designator: OldDesignator=C27 NewDesignator=C30
Change Component Designator: OldDesignator=C28 NewDesignator=C31
Change Component Designator: OldDesignator=C29 NewDesignator=C32
Change Component Designator: OldDesignator=C30 NewDesignator=C33
Change Component Designator: OldDesignator=C31 NewDesignator=C34
Change Component Designator: OldDesignator=C32 NewDesignator=C35
Change Component Designator: OldDesignator=C33 NewDesignator=C36
Change Component Designator: OldDesignator=C34 NewDesignator=C37
Change Component Designator: OldDesignator=C35 NewDesignator=C38
Change Component Designator: OldDesignator=C36 NewDesignator=C39
Change Component Designator: OldDesignator=C37 NewDesignator=C40
Change Component Designator: OldDesignator=C38 NewDesignator=C41
Change Component Designator: OldDesignator=C39 NewDesignator=C42
Change Component Designator: OldDesignator=C40 NewDesignator=C43
Change Component Designator: OldDesignator=C41 NewDesignator=C44
Change Component Designator: OldDesignator=C42 NewDesignator=C45
Change Component Designator: OldDesignator=C43 NewDesignator=C46
Change Component Designator: OldDesignator=C44 NewDesignator=C47
Change Component Designator: OldDesignator=C45 NewDesignator=C48
Change Component Designator: OldDesignator=C46 NewDesignator=C49
Change Component Designator: OldDesignator=C47 NewDesignator=C50
Change Component Designator: OldDesignator=C48 NewDesignator=C51
Change Component Designator: OldDesignator=C49 NewDesignator=C52
Change Component Designator: OldDesignator=C50 NewDesignator=C53
Change Component Designator: OldDesignator=C51 NewDesignator=C54
Change Component Designator: OldDesignator=C52 NewDesignator=C55
Change Component Designator: OldDesignator=R4 NewDesignator=R9
Change Component Designator: OldDesignator=R5 NewDesignator=R10
Change Component Designator: OldDesignator=R6 NewDesignator=R11
Change Component Designator: OldDesignator=R7 NewDesignator=R12
Change Component Designator: OldDesignator=R8 NewDesignator=R13
Change Component Designator: OldDesignator=R9 NewDesignator=R14
Change Component Designator: OldDesignator=R10 NewDesignator=R15
Change Component Designator: OldDesignator=R11 NewDesignator=R16
Change Component Designator: OldDesignator=R12 NewDesignator=R17
Change Component Designator: OldDesignator=R13 NewDesignator=R18
Change Component Designator: OldDesignator=R14 NewDesignator=R19
Change Component Designator: OldDesignator=R15 NewDesignator=R20
Change Component Designator: OldDesignator=R16 NewDesignator=R21
Change Component Designator: OldDesignator=R17 NewDesignator=R22
Change Component Designator: OldDesignator=R18 NewDesignator=R23
Change Component Designator: OldDesignator=R19 NewDesignator=R24
Change Component Designator: OldDesignator=R20 NewDesignator=R25
Change Component Designator: OldDesignator=R21 NewDesignator=R26
Change Component Designator: OldDesignator=R22 NewDesignator=R27
Change Component Designator: OldDesignator=R23 NewDesignator=R28
Change Component Designator: OldDesignator=R24 NewDesignator=R29
Change Component Designator: OldDesignator=R25 NewDesignator=R30
Change Component Designator: OldDesignator=R26 NewDesignator=R31
Change Component Designator: OldDesignator=R27 NewDesignator=R32
Change Component Designator: OldDesignator=R28 NewDesignator=R33
Change Component Designator: OldDesignator=R29 NewDesignator=R34
Change Component Designator: OldDesignator=R30 NewDesignator=R35
Change Component Designator: OldDesignator=R31 NewDesignator=R36
Change Component Designator: OldDesignator=R32 NewDesignator=R37
Change Component Designator: OldDesignator=U2 NewDesignator=U1
Change Component Designator: OldDesignator=U3 NewDesignator=U2
Change Component Designator: OldDesignator=U4 NewDesignator=U3
Change Component Designator: OldDesignator=U5 NewDesignator=U4
Added Component: Designator=C3(CAPC1608X87X35LL15T15)
Add component (AddParameter): Name = "Manufacturer"; Value = "Kemet"; VariantName = "[No Variations]"
Add component (AddParameter): Name = "Part Number"; Value = "C0603C105K3RACTU"; VariantName = "[No Variations]"
Added Component: Designator=C8(CAPC1608X87X35LL15T15)
Add component (AddParameter): Name = "Manufacturer"; Value = "Kemet"; VariantName = "[No Variations]"
Add component (AddParameter): Name = "Part Number"; Value = "C0603C105K3RACTU"; VariantName = "[No Variations]"
Added Component: Designator=C16(CAPC1608X87X35LL15T15)
Add component (AddParameter): Name = "Manufacturer"; Value = "Kemet"; VariantName = "[No Variations]"
Add component (AddParameter): Name = "Part Number"; Value = "C0603C105K3RACTU"; VariantName = "[No Variations]"
Added Component: Designator=C19(CAPC1608X87X35LL15T15)
Add component (AddParameter): Name = "Manufacturer"; Value = "Kemet"; VariantName = "[No Variations]"
Add component (AddParameter): Name = "Part Number"; Value = "C0603C105K3RACTU"; VariantName = "[No Variations]"
Added Component: Designator=R4(RESC6331X80N)
Add component (AddParameter): Name = "Arrow Part Number"; Value = "CRM2512QJW-103ELF"; VariantName = "[No Variations]"
Add component (AddParameter): Name = "Arrow Price/Stock"; Value = "https://www.arrow.com/en/products/crm2512qjw-103elf/bourns?region=nac"; VariantName = "[No Variations]"
Add component (AddParameter): Name = "Datasheet Link"; Value = "http://www.bourns.com/data/global/pdfs/CRM0805_1206_2010.pdf"; VariantName = "[No Variations]"
Add component (AddParameter): Name = "Height"; Value = "0.8mm"; VariantName = "[No Variations]"
Add component (AddParameter): Name = "Manufacturer_Name"; Value = "Bourns"; VariantName = "[No Variations]"
Add component (AddParameter): Name = "Manufacturer_Part_Number"; Value = "CRM2512QJW-103ELF"; VariantName = "[No Variations]"
Add component (AddParameter): Name = "Mouser Part Number"; Value = "652-CRM2512QJW-103E"; VariantName = "[No Variations]"
Add component (AddParameter): Name = "Mouser Price/Stock"; Value = "https://www.mouser.co.uk/ProductDetail/Bourns/CRM2512QJW-103ELF?qs=8Wlm6%252BaMh8Rzg3bRHdWGsA%3D%3D"; VariantName = "[No Variations]"
Added Component: Designator=R5(RESC6331X80N)
Add component (AddParameter): Name = "Arrow Part Number"; Value = "CRM2512QJW-103ELF"; VariantName = "[No Variations]"
Add component (AddParameter): Name = "Arrow Price/Stock"; Value = "https://www.arrow.com/en/products/crm2512qjw-103elf/bourns?region=nac"; VariantName = "[No Variations]"
Add component (AddParameter): Name = "Datasheet Link"; Value = "http://www.bourns.com/data/global/pdfs/CRM0805_1206_2010.pdf"; VariantName = "[No Variations]"
Add component (AddParameter): Name = "Height"; Value = "0.8mm"; VariantName = "[No Variations]"
Add component (AddParameter): Name = "Manufacturer_Name"; Value = "Bourns"; VariantName = "[No Variations]"
Add component (AddParameter): Name = "Manufacturer_Part_Number"; Value = "CRM2512QJW-103ELF"; VariantName = "[No Variations]"
Add component (AddParameter): Name = "Mouser Part Number"; Value = "652-CRM2512QJW-103E"; VariantName = "[No Variations]"
Add component (AddParameter): Name = "Mouser Price/Stock"; Value = "https://www.mouser.co.uk/ProductDetail/Bourns/CRM2512QJW-103ELF?qs=8Wlm6%252BaMh8Rzg3bRHdWGsA%3D%3D"; VariantName = "[No Variations]"
Added Component: Designator=R6(RESAD8570W107L4762D952)
Add component (AddParameter): Name = "Arrow Part Number"; Value = ""; VariantName = "[No Variations]"
Add component (AddParameter): Name = "Arrow Price/Stock"; Value = ""; VariantName = "[No Variations]"
Add component (AddParameter): Name = "Datasheet Link"; Value = "https://www.mouser.sg/datasheet/2/427/cw-110764.pdf"; VariantName = "[No Variations]"
Add component (AddParameter): Name = "Manufacturer_Name"; Value = "Vishay"; VariantName = "[No Variations]"
Add component (AddParameter): Name = "Manufacturer_Part_Number"; Value = "CW01010R00JE12"; VariantName = "[No Variations]"
Add component (AddParameter): Name = "Mouser Part Number"; Value = "71-CW01010R00JE12"; VariantName = "[No Variations]"
Add component (AddParameter): Name = "Mouser Price/Stock"; Value = "https://www.mouser.com/Search/Refine.aspx?Keyword=71-CW01010R00JE12"; VariantName = "[No Variations]"
Added Component: Designator=R7(RESC1609X55X30LL15T15)
Add component (AddParameter): Name = "Case Code (Imperial)"; Value = "0603"; VariantName = "[No Variations]"
Add component (AddParameter): Name = "Case Code (Metric)"; Value = "1608"; VariantName = "[No Variations]"
Add component (AddParameter): Name = "Case\/Package"; Value = "0603"; VariantName = "[No Variations]"
Add component (AddParameter): Name = "Composition"; Value = "ThickFilm"; VariantName = "[No Variations]"
Add component (AddParameter): Name = "Contact Plating"; Value = "Tin"; VariantName = "[No Variations]"
Add component (AddParameter): Name = "Datasheet URL"; Value = "https://industrial.panasonic.com/cdbs/www-data/pdf/RDA0000/AOA0000C304.pdf"; VariantName = "[No Variations]"
Add component (AddParameter): Name = "Datasheet Version"; Value = "02/2017"; VariantName = "[No Variations]"
Add component (AddParameter): Name = "Depth"; Value = "0.8mm"; VariantName = "[No Variations]"
Add component (AddParameter): Name = "Height"; Value = "0.45mm"; VariantName = "[No Variations]"
Add component (AddParameter): Name = "Lead Free"; Value = "LeadFree"; VariantName = "[No Variations]"
Add component (AddParameter): Name = "Length"; Value = "1.6mm"; VariantName = "[No Variations]"
Add component (AddParameter): Name = "Manufacturer"; Value = "Panasonic"; VariantName = "[No Variations]"
Add component (AddParameter): Name = "Manufacturer URL"; Value = "http://www.panasonic.com/"; VariantName = "[No Variations]"
Add component (AddParameter): Name = "Max Operating Temperature"; Value = "155degC"; VariantName = "[No Variations]"
Add component (AddParameter): Name = "Max Power Dissipation"; Value = "100mW"; VariantName = "[No Variations]"
Add component (AddParameter): Name = "Military Standard"; Value = "Not"; VariantName = "[No Variations]"
Add component (AddParameter): Name = "Min Operating Temperature"; Value = "-55degC"; VariantName = "[No Variations]"
Add component (AddParameter): Name = "Mount"; Value = "SurfaceMount"; VariantName = "[No Variations]"
Add component (AddParameter): Name = "Mounting Technology"; Value = "SurfaceMount"; VariantName = "[No Variations]"
Add component (AddParameter): Name = "Number of Pins"; Value = "2"; VariantName = "[No Variations]"
Add component (AddParameter): Name = "Number of Terminations"; Value = "2"; VariantName = "[No Variations]"
Add component (AddParameter): Name = "Package Description"; Value = "2-Pin Surface Mount Device, Body 1.6 x 0.85 mm"; VariantName = "[No Variations]"
Add component (AddParameter): Name = "Package Quantity"; Value = "1"; VariantName = "[No Variations]"
Add component (AddParameter): Name = "Package Reference"; Value = "603"; VariantName = "[No Variations]"
Add component (AddParameter): Name = "Packaging"; Value = "TapeandReel"; VariantName = "[No Variations]"
Add component (AddParameter): Name = "Power Rating"; Value = "100mW"; VariantName = "[No Variations]"
Add component (AddParameter): Name = "Radiation Hardening"; Value = "No"; VariantName = "[No Variations]"
Add component (AddParameter): Name = "REACH SVHC"; Value = "NoSVHC"; VariantName = "[No Variations]"
Add component (AddParameter): Name = "Resistance"; Value = "10KOhm"; VariantName = "[No Variations]"
Add component (AddParameter): Name = "RoHSCompliant"; Value = "true"; VariantName = "[No Variations]"
Add component (AddParameter): Name = "Temperature Coefficient"; Value = "100ppm\/degreesC"; VariantName = "[No Variations]"
Add component (AddParameter): Name = "Termination"; Value = "SMD/SMT"; VariantName = "[No Variations]"
Add component (AddParameter): Name = "Tolerance"; Value = "1%"; VariantName = "[No Variations]"
Add component (AddParameter): Name = "Voltage Rating"; Value = "75V"; VariantName = "[No Variations]"
Add component (AddParameter): Name = "Voltage Rating (DC)"; Value = "75V"; VariantName = "[No Variations]"
Add component (AddParameter): Name = "Width"; Value = "0.031inch"; VariantName = "[No Variations]"
Added Component: Designator=R8(RESC1609X55X30LL15T15)
Add component (AddParameter): Name = "Case Code (Imperial)"; Value = "0603"; VariantName = "[No Variations]"
Add component (AddParameter): Name = "Case Code (Metric)"; Value = "1608"; VariantName = "[No Variations]"
Add component (AddParameter): Name = "Case\/Package"; Value = "0603"; VariantName = "[No Variations]"
Add component (AddParameter): Name = "Composition"; Value = "ThickFilm"; VariantName = "[No Variations]"
Add component (AddParameter): Name = "Contact Plating"; Value = "Tin"; VariantName = "[No Variations]"
Add component (AddParameter): Name = "Datasheet URL"; Value = "https://industrial.panasonic.com/cdbs/www-data/pdf/RDA0000/AOA0000C304.pdf"; VariantName = "[No Variations]"
Add component (AddParameter): Name = "Datasheet Version"; Value = "02/2017"; VariantName = "[No Variations]"
Add component (AddParameter): Name = "Depth"; Value = "0.8mm"; VariantName = "[No Variations]"
Add component (AddParameter): Name = "Height"; Value = "0.45mm"; VariantName = "[No Variations]"
Add component (AddParameter): Name = "Lead Free"; Value = "LeadFree"; VariantName = "[No Variations]"
Add component (AddParameter): Name = "Length"; Value = "1.6mm"; VariantName = "[No Variations]"
Add component (AddParameter): Name = "Manufacturer"; Value = "Panasonic"; VariantName = "[No Variations]"
Add component (AddParameter): Name = "Manufacturer URL"; Value = "http://www.panasonic.com/"; VariantName = "[No Variations]"
Add component (AddParameter): Name = "Max Operating Temperature"; Value = "155degC"; VariantName = "[No Variations]"
Add component (AddParameter): Name = "Max Power Dissipation"; Value = "100mW"; VariantName = "[No Variations]"
Add component (AddParameter): Name = "Military Standard"; Value = "Not"; VariantName = "[No Variations]"
Add component (AddParameter): Name = "Min Operating Temperature"; Value = "-55degC"; VariantName = "[No Variations]"
Add component (AddParameter): Name = "Mount"; Value = "SurfaceMount"; VariantName = "[No Variations]"
Add component (AddParameter): Name = "Mounting Technology"; Value = "SurfaceMount"; VariantName = "[No Variations]"
Add component (AddParameter): Name = "Number of Pins"; Value = "2"; VariantName = "[No Variations]"
Add component (AddParameter): Name = "Number of Terminations"; Value = "2"; VariantName = "[No Variations]"
Add component (AddParameter): Name = "Package Description"; Value = "2-Pin Surface Mount Device, Body 1.6 x 0.85 mm"; VariantName = "[No Variations]"
Add component (AddParameter): Name = "Package Quantity"; Value = "1"; VariantName = "[No Variations]"
Add component (AddParameter): Name = "Package Reference"; Value = "603"; VariantName = "[No Variations]"
Add component (AddParameter): Name = "Packaging"; Value = "TapeandReel"; VariantName = "[No Variations]"
Add component (AddParameter): Name = "Power Rating"; Value = "100mW"; VariantName = "[No Variations]"
Add component (AddParameter): Name = "Radiation Hardening"; Value = "No"; VariantName = "[No Variations]"
Add component (AddParameter): Name = "REACH SVHC"; Value = "NoSVHC"; VariantName = "[No Variations]"
Add component (AddParameter): Name = "Resistance"; Value = "10KOhm"; VariantName = "[No Variations]"
Add component (AddParameter): Name = "RoHSCompliant"; Value = "true"; VariantName = "[No Variations]"
Add component (AddParameter): Name = "Temperature Coefficient"; Value = "100ppm\/degreesC"; VariantName = "[No Variations]"
Add component (AddParameter): Name = "Termination"; Value = "SMD/SMT"; VariantName = "[No Variations]"
Add component (AddParameter): Name = "Tolerance"; Value = "1%"; VariantName = "[No Variations]"
Add component (AddParameter): Name = "Voltage Rating"; Value = "75V"; VariantName = "[No Variations]"
Add component (AddParameter): Name = "Voltage Rating (DC)"; Value = "75V"; VariantName = "[No Variations]"
Add component (AddParameter): Name = "Width"; Value = "0.031inch"; VariantName = "[No Variations]"
Added Pin To Net: NetName=NetC2_1 Pin=C2-1
Added Pin To Net: NetName=NetC3_2 Pin=C3-2
Added Pin To Net: NetName=DC_NEUTRAL Pin=C16-1
Added Pin To Net: NetName=TPA311_AGND Pin=C16-2
Added Pin To Net: NetName=TPA311_AGND Pin=C17-1
Added Pin To Net: NetName=TPA311_GVDD Pin=C17-2
Added Pin To Net: NetName=DC_NEUTRAL Pin=C19-1
Added Pin To Net: NetName=TPA311_PLIMIT Pin=C19-2
Added Pin To Net: NetName=NetC2_1 Pin=C54-2
Added Pin To Net: NetName=NetJ3_2 Pin=R4-1
Added Pin To Net: NetName=NetJ3_3 Pin=R5-1
Added Pin To Net: NetName=TPA311_PVCCL Pin=R6-1
Added Pin To Net: NetName=TPA311_AGND Pin=R6-2
Added Pin To Net: NetName=TPA311_GVDD Pin=R7-1
Added Pin To Net: NetName=TPA311_PLIMIT Pin=R7-2
Added Pin To Net: NetName=DC_NEUTRAL Pin=R8-1
Added Pin To Net: NetName=TPA311_PLIMIT Pin=R8-2
Added Pin To Net: NetName=NetIC1_21 Pin=R10-2
Added Pin To Net: NetName=NetC2_1 Pin=R35-2
Added Pin To Net: NetName=NetC3_2 Pin=U1-4
Added Pin To Net: NetName=TPA311_AGND Pin=U1-7
Change Net Name : Old Net Name=NetC15_2 New Net Name=NetC2_2
Change Net Name : Old Net Name=NetC16_2 New Net Name=NetC5_2
Change Net Name : Old Net Name=NetC22_1 New Net Name=NetC25_1
Change Net Name : Old Net Name=NetC23_1 New Net Name=NetC26_1
Change Net Name : Old Net Name=NetC24_1 New Net Name=NetC27_1
Change Net Name : Old Net Name=NetC25_1 New Net Name=NetC28_1
Change Net Name : Old Net Name=NetC25_2 New Net Name=NetC28_2
Change Net Name : Old Net Name=NetC26_2 New Net Name=NetC29_2
Change Net Name : Old Net Name=NetC27_2 New Net Name=NetC30_2
Change Net Name : Old Net Name=NetC28_2 New Net Name=NetC31_2
Change Net Name : Old Net Name=NetC29_2 New Net Name=NetC32_2
Change Net Name : Old Net Name=NetC30_1 New Net Name=NetC33_1
Change Net Name : Old Net Name=NetC36_2 New Net Name=NetC39_2
Change Net Name : Old Net Name=NetC44_1 New Net Name=NetC47_1
Change Net Name : Old Net Name=NetC45_1 New Net Name=NetC48_1
Change Net Name : Old Net Name=NetC49_1 New Net Name=NetC52_1
Change Net Name : Old Net Name=NetR11_1 New Net Name=NetR16_1
Change Net Name : Old Net Name=NetR11_2 New Net Name=NetR16_2
Change Net Name : Old Net Name=NetR12_2 New Net Name=NetR17_2
Change Net Name : Old Net Name=NetR16_1 New Net Name=NetR21_1
Change Net Name : Old Net Name=NetR20_2 New Net Name=NetR25_2
Change Net Name : Old Net Name=NetR27_2 New Net Name=NetR32_2
Added Pin To Net: NetName=NetC3_1 Pin=C3-1
Added Pin To Net: NetName=NetC3_1 Pin=C54-1
Added Pin To Net: NetName=NetC3_1 Pin=R34-2
Added Net: Name=NetC3_1
Added Pin To Net: NetName=NetC4_1 Pin=C4-1
Added Pin To Net: NetName=NetC4_1 Pin=FB1-2
Added Pin To Net: NetName=NetC4_1 Pin=J1-1
Added Pin To Net: NetName=NetC4_1 Pin=R5-2
Added Net: Name=NetC4_1
Added Pin To Net: NetName=NetC5_1 Pin=C5-1
Added Pin To Net: NetName=NetC5_1 Pin=C55-2
Added Pin To Net: NetName=NetC5_1 Pin=R37-2
Added Net: Name=NetC5_1
Added Pin To Net: NetName=NetC6_2 Pin=C6-2
Added Pin To Net: NetName=NetC6_2 Pin=FB2-2
Added Pin To Net: NetName=NetC6_2 Pin=J1-2
Added Net: Name=NetC6_2
Added Pin To Net: NetName=NetC8_1 Pin=C8-1
Added Pin To Net: NetName=NetC8_1 Pin=C55-1
Added Pin To Net: NetName=NetC8_1 Pin=R36-2
Added Net: Name=NetC8_1
Added Pin To Net: NetName=NetC8_2 Pin=C8-2
Added Pin To Net: NetName=NetC8_2 Pin=U1-11
Added Net: Name=NetC8_2
Added Pin To Net: NetName=NetC10_1 Pin=C10-1
Added Pin To Net: NetName=NetC10_1 Pin=FB3-2
Added Pin To Net: NetName=NetC10_1 Pin=J2-1
Added Pin To Net: NetName=NetC10_1 Pin=R4-2
Added Net: Name=NetC10_1
Added Pin To Net: NetName=NetC11_2 Pin=C11-2
Added Pin To Net: NetName=NetC11_2 Pin=FB4-2
Added Pin To Net: NetName=NetC11_2 Pin=J2-2
Added Net: Name=NetC11_2
Added Member To Class: ClassName=Amplifier Member=Component C19 0603 1uF
Added Member To Class: ClassName=Amplifier Member=Component C20 0603 0.1uF
Added Member To Class: ClassName=Amplifier Member=Component C21 0603 1000pF
Added Member To Class: ClassName=DAC Member=Component IC3 TAD5242IRGER
Added Member To Class: ClassName=Misc Member=Component R4 CRM2512QJW-103ELF
Added Member To Class: ClassName=Misc Member=Component R5 CRM2512QJW-103ELF
Added Member To Class: ClassName=Amplifier Member=Component R6 CW01010R00JE12
Added Member To Class: ClassName=Amplifier Member=Component R7 0603 10k
Added Member To Class: ClassName=Amplifier Member=Component R8 0603 10k
