Added Component: Designator=IC?(QFN40P700X700X90-57N-D)
Add component (AddParameter): Name = "Arrow Part Number"; Value = ""; VariantName = "[No Variations]"
Add component (AddParameter): Name = "Arrow Price/Stock"; Value = ""; VariantName = "[No Variations]"
Add component (AddParameter): Name = "Datasheet Link"; Value = "https://www.espressif.com/sites/default/files/documentation/esp32-s3_datasheet_en.pdf"; VariantName = "[No Variations]"
Add component (AddParameter): Name = "Height"; Value = "0.9mm"; VariantName = "[No Variations]"
Add component (AddParameter): Name = "Manufacturer_Name"; Value = "Espressif Systems"; VariantName = "[No Variations]"
Add component (AddParameter): Name = "Manufacturer_Part_Number"; Value = "ESP32-S3FN8"; VariantName = "[No Variations]"
Add component (AddParameter): Name = "Mouser Part Number"; Value = "356-ESP32-S3FN8"; VariantName = "[No Variations]"
Add component (AddParameter): Name = "Mouser Price/Stock"; Value = "https://www.mouser.co.uk/ProductDetail/Espressif-Systems/ESP32-S3FN8?qs=Rp5uXu7WBW%2F4Oihh5tkiVQ%3D%3D"; VariantName = "[No Variations]"
Add Component: Footprint Not Found SOT96P240X110-3N
Added Component: Designator=IC?(BGA196C80P14X14_1200X1200X152)
Add component (AddParameter): Name = "Arrow Part Number"; Value = "MIMXRT1062DVJ6B"; VariantName = "[No Variations]"
Add component (AddParameter): Name = "Arrow Price/Stock"; Value = "https://www.arrow.com/en/products/mimxrt1062dvj6b/nxp-semiconductors?utm_currency=USD&region=nac"; VariantName = "[No Variations]"
Add component (AddParameter): Name = "Datasheet Link"; Value = "https://www.nxp.com/docs/en/nxp/data-sheets/IMXRT1060CEC.pdf"; VariantName = "[No Variations]"
Add component (AddParameter): Name = "Height"; Value = "1.52mm"; VariantName = "[No Variations]"
Add component (AddParameter): Name = "Manufacturer_Name"; Value = "NXP"; VariantName = "[No Variations]"
Add component (AddParameter): Name = "Manufacturer_Part_Number"; Value = "MIMXRT1062DVJ6B"; VariantName = "[No Variations]"
Add component (AddParameter): Name = "Mouser Part Number"; Value = "771-MIMXRT1062DVJ6B"; VariantName = "[No Variations]"
Add component (AddParameter): Name = "Mouser Price/Stock"; Value = "https://www.mouser.co.uk/ProductDetail/NXP-Semiconductors/MIMXRT1062DVJ6B?qs=BJlw7L4Cy7%252B08A9rbTO5WQ%3D%3D"; VariantName = "[No Variations]"
Add Component: Footprint Not Found IECEW4
Added Component: Designator=R?(RESC1608X55X25ML10T15)
Add component (AddParameter): Name = "Case Code (Imperial)"; Value = "0603"; VariantName = "[No Variations]"
Add component (AddParameter): Name = "Case Code (Metric)"; Value = "1608"; VariantName = "[No Variations]"
Add component (AddParameter): Name = "Case/Package"; Value = "0603"; VariantName = "[No Variations]"
Add component (AddParameter): Name = "Composition"; Value = "ThickFilm"; VariantName = "[No Variations]"
Add component (AddParameter): Name = "Contact Plating"; Value = "Tin"; VariantName = "[No Variations]"
Add component (AddParameter): Name = "Datasheet URL"; Value = "http://www.yageo.com/NewPortal/yageodocoutput?fileName=/pdf/R-Chip/PYu-RC_Group_51_RoHS_L_5.pdf"; VariantName = "[No Variations]"
Add component (AddParameter): Name = "Datasheet Version"; Value = "Rev. 5, 10/2016"; VariantName = "[No Variations]"
Add component (AddParameter): Name = "Depth"; Value = "0.8mm"; VariantName = "[No Variations]"
Add component (AddParameter): Name = "Height"; Value = "0.45mm"; VariantName = "[No Variations]"
Add component (AddParameter): Name = "Lead Free"; Value = "LeadFree"; VariantName = "[No Variations]"
Add component (AddParameter): Name = "Length"; Value = "1.6mm"; VariantName = "[No Variations]"
Add component (AddParameter): Name = "Manufacturer"; Value = "Yageo"; VariantName = "[No Variations]"
Add component (AddParameter): Name = "Manufacturer URL"; Value = "http://www.yageo.com/"; VariantName = "[No Variations]"
Add component (AddParameter): Name = "Max Operating Temperature"; Value = "155degC"; VariantName = "[No Variations]"
Add component (AddParameter): Name = "Military Standard"; Value = "Not"; VariantName = "[No Variations]"
Add component (AddParameter): Name = "Min Operating Temperature"; Value = "-55degC"; VariantName = "[No Variations]"
Add component (AddParameter): Name = "Number of Pins"; Value = "2"; VariantName = "[No Variations]"
Add component (AddParameter): Name = "Package Description"; Value = "2-Pin Surface Mount Device, Body 1.6 x 0.8 mm"; VariantName = "[No Variations]"
Add component (AddParameter): Name = "Package Quantity"; Value = "5000"; VariantName = "[No Variations]"
Add component (AddParameter): Name = "Package Reference"; Value = "0603"; VariantName = "[No Variations]"
Add component (AddParameter): Name = "Packaging"; Value = "TapeandReel"; VariantName = "[No Variations]"
Add component (AddParameter): Name = "Power Rating"; Value = "100mW"; VariantName = "[No Variations]"
Add component (AddParameter): Name = "Radiation Hardening"; Value = "No"; VariantName = "[No Variations]"
Add component (AddParameter): Name = "REACH SVHC"; Value = "NoSVHC"; VariantName = "[No Variations]"
Add component (AddParameter): Name = "Resistance"; Value = "0mOhm"; VariantName = "[No Variations]"
Add component (AddParameter): Name = "RoHSCompliant"; Value = "true"; VariantName = "[No Variations]"
Add component (AddParameter): Name = "Temperature Coefficient"; Value = "200ppm/degreesC"; VariantName = "[No Variations]"
Add component (AddParameter): Name = "Termination"; Value = "SMD/SMT"; VariantName = "[No Variations]"
Add component (AddParameter): Name = "Tolerance"; Value = "5%"; VariantName = "[No Variations]"
Add component (AddParameter): Name = "Voltage Rating"; Value = "50V"; VariantName = "[No Variations]"
Add component (AddParameter): Name = "Voltage Rating (DC)"; Value = "50V"; VariantName = "[No Variations]"
Add component (AddParameter): Name = "Width"; Value = "0.8mm"; VariantName = "[No Variations]"
Added Component: Designator=R?(RESC1608X55X25ML10T15)
Add component (AddParameter): Name = "Case Code (Imperial)"; Value = "0603"; VariantName = "[No Variations]"
Add component (AddParameter): Name = "Case Code (Metric)"; Value = "1608"; VariantName = "[No Variations]"
Add component (AddParameter): Name = "Case/Package"; Value = "0603"; VariantName = "[No Variations]"
Add component (AddParameter): Name = "Composition"; Value = "ThickFilm"; VariantName = "[No Variations]"
Add component (AddParameter): Name = "Contact Plating"; Value = "Tin"; VariantName = "[No Variations]"
Add component (AddParameter): Name = "Datasheet URL"; Value = "http://www.yageo.com/NewPortal/yageodocoutput?fileName=/pdf/R-Chip/PYu-RC_Group_51_RoHS_L_5.pdf"; VariantName = "[No Variations]"
Add component (AddParameter): Name = "Datasheet Version"; Value = "Rev. 5, 10/2016"; VariantName = "[No Variations]"
Add component (AddParameter): Name = "Depth"; Value = "0.8mm"; VariantName = "[No Variations]"
Add component (AddParameter): Name = "Height"; Value = "0.45mm"; VariantName = "[No Variations]"
Add component (AddParameter): Name = "Lead Free"; Value = "LeadFree"; VariantName = "[No Variations]"
Add component (AddParameter): Name = "Length"; Value = "1.6mm"; VariantName = "[No Variations]"
Add component (AddParameter): Name = "Manufacturer"; Value = "Yageo"; VariantName = "[No Variations]"
Add component (AddParameter): Name = "Manufacturer URL"; Value = "http://www.yageo.com/"; VariantName = "[No Variations]"
Add component (AddParameter): Name = "Max Operating Temperature"; Value = "155degC"; VariantName = "[No Variations]"
Add component (AddParameter): Name = "Military Standard"; Value = "Not"; VariantName = "[No Variations]"
Add component (AddParameter): Name = "Min Operating Temperature"; Value = "-55degC"; VariantName = "[No Variations]"
Add component (AddParameter): Name = "Number of Pins"; Value = "2"; VariantName = "[No Variations]"
Add component (AddParameter): Name = "Package Description"; Value = "2-Pin Surface Mount Device, Body 1.6 x 0.8 mm"; VariantName = "[No Variations]"
Add component (AddParameter): Name = "Package Quantity"; Value = "5000"; VariantName = "[No Variations]"
Add component (AddParameter): Name = "Package Reference"; Value = "0603"; VariantName = "[No Variations]"
Add component (AddParameter): Name = "Packaging"; Value = "TapeandReel"; VariantName = "[No Variations]"
Add component (AddParameter): Name = "Power Rating"; Value = "100mW"; VariantName = "[No Variations]"
Add component (AddParameter): Name = "Radiation Hardening"; Value = "No"; VariantName = "[No Variations]"
Add component (AddParameter): Name = "REACH SVHC"; Value = "NoSVHC"; VariantName = "[No Variations]"
Add component (AddParameter): Name = "Resistance"; Value = "0mOhm"; VariantName = "[No Variations]"
Add component (AddParameter): Name = "RoHSCompliant"; Value = "true"; VariantName = "[No Variations]"
Add component (AddParameter): Name = "Temperature Coefficient"; Value = "200ppm/degreesC"; VariantName = "[No Variations]"
Add component (AddParameter): Name = "Termination"; Value = "SMD/SMT"; VariantName = "[No Variations]"
Add component (AddParameter): Name = "Tolerance"; Value = "5%"; VariantName = "[No Variations]"
Add component (AddParameter): Name = "Voltage Rating"; Value = "50V"; VariantName = "[No Variations]"
Add component (AddParameter): Name = "Voltage Rating (DC)"; Value = "50V"; VariantName = "[No Variations]"
Add component (AddParameter): Name = "Width"; Value = "0.8mm"; VariantName = "[No Variations]"
Added Pin To Net: NetName=+3.3 Pin=IC?-2
Added Pin To Net: NetName=+3.3 Pin=IC?-3
Added Pin To Net: NetName=+3.3 Pin=IC?-4
Added Pin To Net: NetName=+3.3 Pin=IC?-46
Added Pin To Net: NetName=+3.3 Pin=IC?-55
Added Pin To Net: NetName=+3.3 Pin=IC?-56
Added Pin To Net: NetName=+3.3 Pin=R?-1
Added Pin To Net: NetName=+3.3 Pin=R?-1
Added Net: Name=+3.3
Added Pin To Net: NetName=GND Pin=IC?-57
Added Net: Name=GND
Added Net: Name=NetIC?_2
Added Pin To Net: NetName=NetIC?_5 Pin=IC?-5
Added Net: Name=NetIC?_5
Added Pin To Net: NetName=NetIC?_7 Pin=IC?-7
Added Net: Name=NetIC?_7
Added Pin To Net: NetName=NetIC?_8 Pin=IC?-8
Added Net: Name=NetIC?_8
Added Pin To Net: NetName=NetIC?_9 Pin=IC?-9
Added Net: Name=NetIC?_9
Added Pin To Net: NetName=NetIC?_10 Pin=IC?-10
Added Net: Name=NetIC?_10
Added Pin To Net: NetName=NetIC?_11 Pin=IC?-11
Added Net: Name=NetIC?_11
Added Pin To Net: NetName=NetIC?_13 Pin=IC?-13
Added Net: Name=NetIC?_13
Added Pin To Net: NetName=NetIC?_14 Pin=IC?-14
Added Net: Name=NetIC?_14
Added Pin To Net: NetName=NetIC?_20 Pin=IC?-20
Added Pin To Net: NetName=NetIC?_20 Pin=R?-2
Added Net: Name=NetIC?_20
Added Pin To Net: NetName=NetIC?_29 Pin=IC?-29
Added Pin To Net: NetName=NetIC?_29 Pin=R?-2
Added Net: Name=NetIC?_29
Added Pin To Net: NetName=NetIC?_44 Pin=IC?-44
Added Net: Name=NetIC?_44
Added Pin To Net: NetName=NetIC?_45 Pin=IC?-45
Added Net: Name=NetIC?_45
Added Pin To Net: NetName=NetIC?_47 Pin=IC?-47
Added Net: Name=NetIC?_47
Added Pin To Net: NetName=NetIC?_48 Pin=IC?-48
Added Net: Name=NetIC?_48
Added Class: Name=DSP
Added Class: Name=Power
Added Class: Name=Wireless
Added Rule: Name=Schematic Supply Nets
Added Rule: Name=Schematic Supply Nets_1
