Added Component: Designator=T?(COIL-Z9260-AL_Z9007-BL-12_V)
Add component (AddParameter): Name = "Application"; Value = "70 W"; VariantName = "[No Variations]"
Add component (AddParameter): Name = "ComponentLink1Description"; Value = "Manufacturer URL"; VariantName = "[No Variations]"
Add component (AddParameter): Name = "ComponentLink1URL"; Value = "http://www.coilcraft.com/"; VariantName = "[No Variations]"
Add component (AddParameter): Name = "ComponentLink2Description"; Value = "Datasheet"; VariantName = "[No Variations]"
Add component (AddParameter): Name = "ComponentLink2URL"; Value = "http://www.coilcraft.com/pdf_viewer/showpdf.cfm?f=pdf_store:y8844.pdf"; VariantName = "[No Variations]"
Add component (AddParameter): Name = "ComponentLink3Description"; Value = "Package Specification"; VariantName = "[No Variations]"
Add component (AddParameter): Name = "ComponentLink3URL"; Value = "http://www.coilcraft.com/pdf_viewer/showpdf.cfm?f=pdf_store:y8844.pdf"; VariantName = "[No Variations]"
Add component (AddParameter): Name = "DatasheetVersion"; Value = "31/01/2005"; VariantName = "[No Variations]"
Add component (AddParameter): Name = "DCR max (Ohms)"; Value = "0.261 (12-7) 0.013 (6-1) 0.013 (4-3)"; VariantName = "[No Variations]"
Add component (AddParameter): Name = "Inductance +/-10% (mH)"; Value = "0.7"; VariantName = "[No Variations]"
Add component (AddParameter): Name = "Isolation (Vrms)"; Value = "1500"; VariantName = "[No Variations]"
Add component (AddParameter): Name = "Leakage inductance max (uH)"; Value = "26"; VariantName = "[No Variations]"
Add component (AddParameter): Name = "Manufacturer"; Value = "Coilcraft"; VariantName = "[No Variations]"
Add component (AddParameter): Name = "Mounting Technology"; Value = "Through Hole"; VariantName = "[No Variations]"
Add component (AddParameter): Name = "Operating Temperature Range"; Value = "-40 to 85 degC"; VariantName = "[No Variations]"
Add component (AddParameter): Name = "Output"; Value = "16 V, 4.2 A"; VariantName = "[No Variations]"
Add component (AddParameter): Name = "PackageDescription"; Value = "12-Pin Through Hole Package, Body 36.8 x 36.8 mm"; VariantName = "[No Variations]"
Add component (AddParameter): Name = "PackageReference"; Value = "Z9007-BL-12"; VariantName = "[No Variations]"
Add component (AddParameter): Name = "PartNumber"; Value = "Z9007-BL"; VariantName = "[No Variations]"
Added Member To Class: ClassName=Wireless Member=Component R? RC0603JR-070RL
Added Member To Class: ClassName=Power Member=Component T? Z9007-BL
Added Member To Class: ClassName=Power Member=Component T? 750811290
