Removed Pin From Net: NetName=DC_NEUTRAL Pin=C16-1
Removed Pin From Net: NetName=DC_NEUTRAL Pin=C22-1
Removed Pin From Net: NetName=DC_NEUTRAL Pin=C23-1
Removed Pin From Net: NetName=DC_NEUTRAL Pin=C45-1
Removed Pin From Net: NetName=DC_NEUTRAL Pin=C51-1
Removed Pin From Net: NetName=DC_NEUTRAL Pin=C53-1
Removed Pin From Net: NetName=DC_NEUTRAL Pin=IC1-2
Removed Pin From Net: NetName=DC_NEUTRAL Pin=IC3-6
Removed Pin From Net: NetName=AC_NEUTRAL Pin=J4-1
Removed Pin From Net: NetName=EARTH_GND Pin=J4-2
Removed Pin From Net: NetName=DC_NEUTRAL Pin=P2-1
Removed Pin From Net: NetName=DC_NEUTRAL Pin=R2-1
Removed Pin From Net: NetName=DC_NEUTRAL Pin=R11-1
Removed Pin From Net: NetName=DC_NEUTRAL Pin=U4-3
Removed Member From Class: ClassName=Amplifier Member=C16
Removed Member From Class: ClassName=Power Member=J4
Change Component Comment : Designator=R6 Old Comment=LTO050F10R00JTE3 New Comment=Giant 10ohm
Added Component: Designator=C?(CAPC1608X87X35LL15T15)
Add component (AddParameter): Name = "Manufacturer"; Value = "Kemet"; VariantName = "[No Variations]"
Add component (AddParameter): Name = "Part Number"; Value = "C0603C105K3RACTU"; VariantName = "[No Variations]"
Added Component: Designator=IC?(RAPC322X)
Add component (AddParameter): Name = "Arrow Part Number"; Value = "RAPC322X"; VariantName = "[No Variations]"
Add component (AddParameter): Name = "Arrow Price/Stock"; Value = "https://www.arrow.com/en/products/rapc322x/switchcraft?region=nac"; VariantName = "[No Variations]"
Add component (AddParameter): Name = "Datasheet Link"; Value = "http://www.switchcraft.com/Drawings/RAPC322X_CD.PDF"; VariantName = "[No Variations]"
Add component (AddParameter): Name = "Height"; Value = "13mm"; VariantName = "[No Variations]"
Add component (AddParameter): Name = "Manufacturer_Name"; Value = "Switchcraft"; VariantName = "[No Variations]"
Add component (AddParameter): Name = "Manufacturer_Part_Number"; Value = "RAPC322X"; VariantName = "[No Variations]"
Add component (AddParameter): Name = "Mouser Part Number"; Value = "502-RAPC322X"; VariantName = "[No Variations]"
Add component (AddParameter): Name = "Mouser Price/Stock"; Value = "https://www.mouser.co.uk/ProductDetail/Switchcraft/RAPC322X?qs=mcPJWgAPNrcmmHrLtKpxWA%3D%3D"; VariantName = "[No Variations]"
Added Pin To Net: NetName=DC_NEUTRAL Pin=C17-1
Added Pin To Net: NetName=NetC48_1 Pin=C22-1
Added Pin To Net: NetName=NetC48_1 Pin=C23-1
Added Pin To Net: NetName=NetC48_1 Pin=C45-1
Added Pin To Net: NetName=NetC48_1 Pin=C51-1
Added Pin To Net: NetName=NetC48_1 Pin=C53-1
Added Pin To Net: NetName=DC_NEUTRAL Pin=C?-1
Added Pin To Net: NetName=NetC48_1 Pin=IC1-2
Added Pin To Net: NetName=NetC48_1 Pin=IC3-6
Added Pin To Net: NetName=AC_NEUTRAL Pin=IC?-2
Added Pin To Net: NetName=NetC48_1 Pin=P2-1
Added Pin To Net: NetName=NetC48_1 Pin=R2-1
Added Pin To Net: NetName=NetC48_1 Pin=R11-1
Added Pin To Net: NetName=DC_NEUTRAL Pin=U1-8
Added Pin To Net: NetName=NetC48_1 Pin=U4-3
Change Net Name : Old Net Name=NetC48_1 New Net Name=+3.3
Added Pin To Net: NetName=NetIC?_1 Pin=IC?-1
Added Pin To Net: NetName=NetIC?_1 Pin=SW1-1
Added Net: Name=NetIC?_1
Added Pin To Net: NetName=TPA311_AVCC Pin=C?-2
Added Pin To Net: NetName=TPA311_AVCC Pin=R6-2
Added Pin To Net: NetName=TPA311_AVCC Pin=U1-7
Added Net: Name=TPA311_AVCC
Added Member To Class: ClassName=Amplifier Member=Component C? 0603 1uF
Added Member To Class: ClassName=Power Member=Component IC? RAPC322X
Added Rule: Name=Schematic Supply Nets_1
