Removed Member From Class: ClassName=DAC_and_amp Member=C9
Removed Member From Class: ClassName=DAC_and_amp Member=C10
Removed Member From Class: ClassName=DAC_and_amp Member=C12
Removed Member From Class: ClassName=DAC_and_amp Member=C13
Removed Member From Class: ClassName=DAC_and_amp Member=C15
Removed Member From Class: ClassName=DAC_and_amp Member=C16
Removed Member From Class: ClassName=DAC_and_amp Member=C19
Removed Member From Class: ClassName=DAC_and_amp Member=C22
Added Component: Designator=U69(FP-KVU0003A-MFG)
Add component (AddParameter): Name = "Accuracy Percentage"; Value = "3%"; VariantName = "[No Variations]"
Add component (AddParameter): Name = "Automotive"; Value = "No"; VariantName = "[No Variations]"
Add component (AddParameter): Name = "Category"; Value = "IC"; VariantName = "[No Variations]"
Add component (AddParameter): Name = "ComponentLink2Description"; Value = "Datasheet"; VariantName = "[No Variations]"
Add component (AddParameter): Name = "ComponentLink2URL"; Value = "http://www.ti.com/lit/ds/symlink/ua78m.pdf"; VariantName = "[No Variations]"
Add component (AddParameter): Name = "Device Class L1"; Value = "Integrated Circuits (ICs)"; VariantName = "[No Variations]"
Add component (AddParameter): Name = "Device Class L2"; Value = "Power Management ICs"; VariantName = "[No Variations]"
Add component (AddParameter): Name = "Device Class L3"; Value = "Voltage Regulators - Linear"; VariantName = "[No Variations]"
Add component (AddParameter): Name = "Digikey Description"; Value = "IC REG LINEAR 3.3V 500MA TO252-3"; VariantName = "[No Variations]"
Add component (AddParameter): Name = "Dropout Voltage"; Value = "2V"; VariantName = "[No Variations]"
Add component (AddParameter): Name = "Height"; Value = "2.65mm"; VariantName = "[No Variations]"
Add component (AddParameter): Name = "Lead Free"; Value = "Yes"; VariantName = "[No Variations]"
Add component (AddParameter): Name = "Manufacturer"; Value = "Texas Instruments"; VariantName = "[No Variations]"
Add component (AddParameter): Name = "Manufacturer Part Number"; Value = "UA78M33CKVURG3"; VariantName = "[No Variations]"
Add component (AddParameter): Name = "Max Junction Temp"; Value = "+125°C"; VariantName = "[No Variations]"
Add component (AddParameter): Name = "Max Supply Voltage"; Value = "25V"; VariantName = "[No Variations]"
Add component (AddParameter): Name = "Min Supply Voltage"; Value = "5.3V"; VariantName = "[No Variations]"
Add component (AddParameter): Name = "Mouser Description"; Value = "Linear Voltage Regulators 3.3 V 500mA Fix Pos Voltage Regulator"; VariantName = "[No Variations]"
Add component (AddParameter): Name = "Nominal Supply Current"; Value = "4.5mA"; VariantName = "[No Variations]"
Add component (AddParameter): Name = "Number Of Outputs"; Value = "1"; VariantName = "[No Variations]"
Add component (AddParameter): Name = "Octopart"; Value = "https://octopart.com/ua78m33ckvurg3-texas+instruments-669262"; VariantName = "[No Variations]"
Add component (AddParameter): Name = "Output Current"; Value = "500mA"; VariantName = "[No Variations]"
Add component (AddParameter): Name = "Output Type"; Value = "Fixed"; VariantName = "[No Variations]"
Add component (AddParameter): Name = "Output Voltage"; Value = "3.3V"; VariantName = "[No Variations]"
Add component (AddParameter): Name = "Package"; Value = "KVU0003A"; VariantName = "[No Variations]"
Add component (AddParameter): Name = "RoHS"; Value = "TRUE"; VariantName = "[No Variations]"
Add component (AddParameter): Name = "Standoff Height"; Value = "0mm"; VariantName = "[No Variations]"
Add component (AddParameter): Name = "Temperature"; Value = "0°C to +125°C"; VariantName = "[No Variations]"
Add component (AddParameter): Name = "Temperature Range High"; Value = "+125°C"; VariantName = "[No Variations]"
Add component (AddParameter): Name = "Temperature Range Low"; Value = "0°C"; VariantName = "[No Variations]"
Added Member To Class: ClassName=DAC_and_amp Member=Component C1 1206 0.22uF
Added Member To Class: ClassName=DAC_and_amp Member=Component C2 1206 1000pF
Added Member To Class: ClassName=DAC_and_amp Member=Component C3 1206 1000pF
Added Member To Class: ClassName=DAC_and_amp Member=Component C4 1206 0.22uF
Added Member To Class: ClassName=DAC_and_amp Member=Component C5 1206 0.22uF
Added Member To Class: ClassName=DAC_and_amp Member=Component C6 1206 1000pF
Added Member To Class: ClassName=DAC_and_amp Member=Component C7 1206 1000pF
Added Member To Class: ClassName=DAC_and_amp Member=Component C8 1206 0.22uF
Added Member To Class: ClassName=Power Member=Component C11 220nF 50VAC 0805
Added Member To Class: ClassName=Power Member=Component C14 22uF 25VDC 1210
Added Member To Class: ClassName=Power Member=Component J2 703W-00/52
Added Member To Class: ClassName=Power Member=Component U69 UA78M33CKVURG3
