Removed Pin From Net: NetName=12V_DC_OUT Pin=U4-3
Added Component: Designator=U5(LT-T-3)
Add component (AddParameter): Name = "ComponentLink1Description"; Value = "Manufacturer URL"; VariantName = "[No Variations]"
Add component (AddParameter): Name = "ComponentLink1URL"; Value = "http://www.linear.com/"; VariantName = "[No Variations]"
Add component (AddParameter): Name = "ComponentLink2Description"; Value = "Datasheet"; VariantName = "[No Variations]"
Add component (AddParameter): Name = "ComponentLink2URL"; Value = "http://cds.linear.com/docs/en/datasheet/1083ffd.pdf"; VariantName = "[No Variations]"
Add component (AddParameter): Name = "ComponentLink3Description"; Value = "Package Specification"; VariantName = "[No Variations]"
Add component (AddParameter): Name = "ComponentLink3URL"; Value = "http://cds.linear.com/docs/en/packaging/TO-220_3_05-08-1420.pdf"; VariantName = "[No Variations]"
Add component (AddParameter): Name = "DatasheetVersion"; Value = "Rev. D"; VariantName = "[No Variations]"
Add component (AddParameter): Name = "Discrete Pass Element"; Value = "no"; VariantName = "[No Variations]"
Add component (AddParameter): Name = "Dropout Voltage(V)"; Value = "1.3"; VariantName = "[No Variations]"
Add component (AddParameter): Name = "Iout(mA)"; Value = "3000"; VariantName = "[No Variations]"
Add component (AddParameter): Name = "Isupply(mA)"; Value = "5"; VariantName = "[No Variations]"
Add component (AddParameter): Name = "Manufacturer"; Value = "Linear Technology"; VariantName = "[No Variations]"
Add component (AddParameter): Name = "Mounting Technology"; Value = "Through Hole"; VariantName = "[No Variations]"
Add component (AddParameter): Name = "Number of Outputs"; Value = "1"; VariantName = "[No Variations]"
Add component (AddParameter): Name = "Output Voltage"; Value = "3.3 V"; VariantName = "[No Variations]"
Add component (AddParameter): Name = "PackageDescription"; Value = "3-Pin Plastic TO-220, Body 10.2235 x 4.3815 mm, Pitch 2.54 mm"; VariantName = "[No Variations]"
Add component (AddParameter): Name = "PackageReference"; Value = "T-3"; VariantName = "[No Variations]"
Add component (AddParameter): Name = "PackageVersion"; Value = "Jun-10"; VariantName = "[No Variations]"
Add component (AddParameter): Name = "PartNumber"; Value = "LT1085CT-3.3#PBF"; VariantName = "[No Variations]"
Add component (AddParameter): Name = "PSRR(dB)"; Value = "72"; VariantName = "[No Variations]"
Add component (AddParameter): Name = "RoHS"; Value = "TRUE"; VariantName = "[No Variations]"
Add component (AddParameter): Name = "Vin Max(V)"; Value = "25"; VariantName = "[No Variations]"
Add component (AddParameter): Name = "Vin Min(V)"; Value = "4.3"; VariantName = "[No Variations]"
Added Pin To Net: NetName=SCHOTTKY_OUT Pin=U4-3
Added Pin To Net: NetName=DC_NEUTRAL Pin=U5-1
Added Pin To Net: NetName=SCHOTTKY_OUT Pin=U5-3
Added Pin To Net: NetName=3.3V_DC_OUT Pin=U5-2
Added Net: Name=3.3V_DC_OUT
Added Member To Class: ClassName=Power Member=Component R1 100kohm 1% 0603
Added Member To Class: ClassName=Power Member=Component R2 40.2kohm 1% 0603
Added Member To Class: ClassName=Power Member=Component R3 221kohm 1% 0603
Added Member To Class: ClassName=Power Member=Component R6 1206 499k
Added Member To Class: ClassName=Power Member=Component R9 1206 100k
Added Member To Class: ClassName=Power Member=Component R10 1206 2.4M
Added Member To Class: ClassName=Power Member=Component R16 1206 0.03
Added Member To Class: ClassName=Power Member=Component U5 LT1085CT-3.3#PBF
