Added Component: Designator=T?(ER28/14_750811630)
Add component (AddParameter): Name = "Auxiliary Voltage"; Value = "11.5V"; VariantName = "[No Variations]"
Add component (AddParameter): Name = "Case/Package"; Value = "ER28/14"; VariantName = "[No Variations]"
Add component (AddParameter): Name = "Category"; Value = "Transformers For AC-DC Converter"; VariantName = "[No Variations]"
Add component (AddParameter): Name = "Component Type"; Value = "Standard"; VariantName = "[No Variations]"
Add component (AddParameter): Name = "ComponentLink1Description"; Value = "Website Link"; VariantName = "[No Variations]"
Add component (AddParameter): Name = "ComponentLink1URL"; Value = "https://www.we-online.com/redexpert/article/750811630?ad"; VariantName = "[No Variations]"
Add component (AddParameter): Name = "ComponentLink2Description"; Value = "Datasheet Link"; VariantName = "[No Variations]"
Add component (AddParameter): Name = "ComponentLink2URL"; Value = "https://www.we-online.com/redexpert/spec/750811630?ad"; VariantName = "[No Variations]"
Add component (AddParameter): Name = "Design Item ID"; Value = "750811630"; VariantName = "[No Variations]"
Add component (AddParameter): Name = "Inductance"; Value = "1.04mH"; VariantName = "[No Variations]"
Add component (AddParameter): Name = "Input Voltage"; Value = "85 - 265V (AC)"; VariantName = "[No Variations]"
Add component (AddParameter): Name = "Insulation Test Voltage"; Value = "4500V (AC)"; VariantName = "[No Variations]"
Add component (AddParameter): Name = "Manufacturer"; Value = "Wurth Elektronik"; VariantName = "[No Variations]"
Add component (AddParameter): Name = "Manufacturer Part Number"; Value = "750811630"; VariantName = "[No Variations]"
Add component (AddParameter): Name = "Match Code"; Value = "WE-OLPI"; VariantName = "[No Variations]"
Add component (AddParameter): Name = "Mount"; Value = "Through Hole"; VariantName = "[No Variations]"
Add component (AddParameter): Name = "Operating Temperature Max"; Value = "125°C"; VariantName = "[No Variations]"
Add component (AddParameter): Name = "Operating Temperature Min"; Value = "-40°C"; VariantName = "[No Variations]"
Add component (AddParameter): Name = "Output Current 1"; Value = "2A"; VariantName = "[No Variations]"
Add component (AddParameter): Name = "Output Current 2"; Value = "2.2A"; VariantName = "[No Variations]"
Add component (AddParameter): Name = "Output Voltage 1"; Value = "12V"; VariantName = "[No Variations]"
Add component (AddParameter): Name = "Output Voltage 2"; Value = "5V"; VariantName = "[No Variations]"
Add component (AddParameter): Name = "Packaging"; Value = "Tray"; VariantName = "[No Variations]"
Add component (AddParameter): Name = "Pins"; Value = "9"; VariantName = "[No Variations]"
Add component (AddParameter): Name = "Saturation Current"; Value = "2.2A"; VariantName = "[No Variations]"
Add component (AddParameter): Name = "Source"; Value = "WE-OLPI.SchLib"; VariantName = "[No Variations]"
Add component (AddParameter): Name = "Switching Frequency"; Value = "66kHz"; VariantName = "[No Variations]"
Added Member To Class: ClassName=Wireless Member=Component R? RC0603JR-070RL
Added Member To Class: ClassName=Power Member=Component T? 750811630
