Removed Pin From Net: NetName=DC_NEUTRAL Pin=C29-1
Removed Pin From Net: NetName=AC_LIVE Pin=C30-1
Removed Pin From Net: NetName=AC_NEUTRAL Pin=C31-1
Removed Pin From Net: NetName=DC_NEUTRAL Pin=C32-1
Removed Pin From Net: NetName=DC_NEUTRAL Pin=C33-2
Removed Pin From Net: NetName=DC_POSITIVE Pin=C34-1
Removed Pin From Net: NetName=DC_NEUTRAL Pin=C34-2
Removed Pin From Net: NetName=DC_NEUTRAL Pin=C35-1
Removed Pin From Net: NetName=DC_NEUTRAL Pin=C35-2
Removed Pin From Net: NetName=DC_NEUTRAL Pin=C36-1
Removed Pin From Net: NetName=SCHOTTKY_OUT Pin=C36-2
Removed Pin From Net: NetName=DC_NEUTRAL Pin=C37-1
Removed Pin From Net: NetName=SCHOTTKY_OUT Pin=C37-2
Removed Pin From Net: NetName=DC_NEUTRAL Pin=C38-1
Removed Pin From Net: NetName=TRAN_AUX_P Pin=C39-1
Removed Pin From Net: NetName=SCHOTTKY_OUT Pin=C40-1
Removed Pin From Net: NetName=DC_NEUTRAL Pin=C40-2
Removed Pin From Net: NetName=SCHOTTKY_OUT Pin=C41-1
Removed Pin From Net: NetName=DC_NEUTRAL Pin=C41-2
Removed Pin From Net: NetName=DC_NEUTRAL Pin=C42-2
Removed Pin From Net: NetName=SCHOTTKY_OUT Pin=C43-1
Removed Pin From Net: NetName=DC_NEUTRAL Pin=C43-2
Removed Pin From Net: NetName=DC_NEUTRAL Pin=C44-1
Removed Pin From Net: NetName=TPA311_PVCCL Pin=C44-2
Removed Pin From Net: NetName=+3.3 Pin=C45-1
Removed Pin From Net: NetName=DC_NEUTRAL Pin=C45-2
Removed Pin From Net: NetName=SCHOTTKY_OUT Pin=C46-1
Removed Pin From Net: NetName=DC_NEUTRAL Pin=C46-2
Removed Pin From Net: NetName=DC_POSITIVE Pin=D4-2
Removed Pin From Net: NetName=TRAN_IN_P Pin=D5-2
Removed Pin From Net: NetName=TRAN_OUT_P Pin=D6-1
Removed Pin From Net: NetName=TRAN_OUT_P Pin=D6-3
Removed Pin From Net: NetName=SCHOTTKY_OUT Pin=D6-4
Removed Pin From Net: NetName=SCHOTTKY_OUT Pin=D9-1
Removed Pin From Net: NetName=DC_NEUTRAL Pin=D9-2
Removed Pin From Net: NetName=AC_NEUTRAL Pin=IC3-2
Removed Pin From Net: NetName=AC_LIVE Pin=IC4-1
Removed Pin From Net: NetName=GATE_HL Pin=IC4-3
Removed Pin From Net: NetName=GATE_LL Pin=IC4-5
Removed Pin From Net: NetName=DC_NEUTRAL Pin=IC4-7
Removed Pin From Net: NetName=GATE_LR Pin=IC4-8
Removed Pin From Net: NetName=AC_NEUTRAL Pin=IC4-10
Removed Pin From Net: NetName=GATE_HR Pin=IC4-12
Removed Pin From Net: NetName=DC_POSITIVE Pin=IC4-14
Removed Pin From Net: NetName=TRAN_IN_P Pin=Q1-2
Removed Pin From Net: NetName=GATE_LL Pin=Q2-1
Removed Pin From Net: NetName=AC_LIVE Pin=Q2-2
Removed Pin From Net: NetName=DC_NEUTRAL Pin=Q2-3
Removed Pin From Net: NetName=GATE_LR Pin=Q3-1
Removed Pin From Net: NetName=AC_NEUTRAL Pin=Q3-2
Removed Pin From Net: NetName=DC_NEUTRAL Pin=Q3-3
Removed Pin From Net: NetName=GATE_HL Pin=Q4-1
Removed Pin From Net: NetName=DC_POSITIVE Pin=Q4-2
Removed Pin From Net: NetName=AC_LIVE Pin=Q4-3
Removed Pin From Net: NetName=GATE_HR Pin=Q5-1
Removed Pin From Net: NetName=DC_POSITIVE Pin=Q5-2
Removed Pin From Net: NetName=AC_NEUTRAL Pin=Q5-3
Removed Pin From Net: NetName=DC_NEUTRAL Pin=R18-2
Removed Pin From Net: NetName=DC_NEUTRAL Pin=R19-2
Removed Pin From Net: NetName=DC_POSITIVE Pin=R21-2
Removed Pin From Net: NetName=DC_NEUTRAL Pin=R23-2
Removed Pin From Net: NetName=TRAN_AUX_P Pin=R24-2
Removed Pin From Net: NetName=DC_POSITIVE Pin=R25-1
Removed Pin From Net: NetName=TRAN_AUX_P Pin=R28-1
Removed Pin From Net: NetName=DC_NEUTRAL Pin=R30-2
Removed Pin From Net: NetName=DC_NEUTRAL Pin=R31-2
Removed Pin From Net: NetName=TPA311_PVCCL Pin=R32-1
Removed Pin From Net: NetName=DC_NEUTRAL Pin=R33-2
Removed Pin From Net: NetName=TRAN_IN_P Pin=T2-2
Removed Pin From Net: NetName=DC_POSITIVE Pin=T2-4
Removed Pin From Net: NetName=TRAN_AUX_P Pin=T2-6
Removed Pin From Net: NetName=DC_NEUTRAL Pin=T2-7
Removed Pin From Net: NetName=DC_NEUTRAL Pin=T2-8
Removed Pin From Net: NetName=DC_NEUTRAL Pin=T2-9
Removed Pin From Net: NetName=DC_NEUTRAL Pin=T2-10
Removed Pin From Net: NetName=TRAN_OUT_P Pin=T2-12
Removed Pin From Net: NetName=TRAN_OUT_P Pin=T2-13
Removed Pin From Net: NetName=TRAN_OUT_P Pin=T2-14
Removed Pin From Net: NetName=AC_LIVE Pin=U3-2
Removed Pin From Net: NetName=DC_NEUTRAL Pin=U4-17
Removed Pin From Net: NetName=TPA311_PVCCL Pin=U5-2
Removed Pin From Net: NetName=SCHOTTKY_OUT Pin=U5-3
Removed Pin From Net: NetName=TPA311_PVCCL Pin=U5-4
Removed Pin From Net: NetName=SCHOTTKY_OUT Pin=U6-1
Removed Pin From Net: NetName=DC_NEUTRAL Pin=U6-2
Removed Pin From Net: NetName=+3.3 Pin=U6-3
Removed Pin From Net: NetName=DC_NEUTRAL Pin=U6-4
Added Pin To Net: NetName=AC_LIVE Pin=C57-1
Added Pin To Net: NetName=AC_NEUTRAL Pin=C58-1
Added Pin To Net: NetName=SCHOTTKY_OUT Pin=C60-1
Added Pin To Net: NetName=TRAN_AUX_P Pin=C62-2
Added Pin To Net: NetName=SCHOTTKY_OUT Pin=C64-1
Added Pin To Net: NetName=AC_LIVE Pin=C?-1
Added Pin To Net: NetName=TRAN_OUT_P Pin=C?-1
Added Pin To Net: NetName=AC_NEUTRAL Pin=C?-2
Added Pin To Net: NetName=AC_NEUTRAL Pin=D12-1
Added Pin To Net: NetName=AC_LIVE Pin=D12-3
Added Pin To Net: NetName=AC_LIVE Pin=IC7-1
Added Pin To Net: NetName=GATE_HL Pin=IC7-3
Added Pin To Net: NetName=GATE_LL Pin=IC7-5
Added Pin To Net: NetName=GATE_LR Pin=IC7-8
Added Pin To Net: NetName=AC_NEUTRAL Pin=IC7-10
Added Pin To Net: NetName=GATE_HR Pin=IC7-12
Added Pin To Net: NetName=DC_POSITIVE Pin=IC7-14
Added Pin To Net: NetName=DC_POSITIVE Pin=L2-2
Added Pin To Net: NetName=AC_LIVE Pin=L?-2
Added Pin To Net: NetName=AC_NEUTRAL Pin=L?-4
Added Pin To Net: NetName=GATE_LL Pin=Q6-1
Added Pin To Net: NetName=AC_LIVE Pin=Q6-2
Added Pin To Net: NetName=GATE_LR Pin=Q7-1
Added Pin To Net: NetName=AC_NEUTRAL Pin=Q7-2
Added Pin To Net: NetName=GATE_HL Pin=Q8-1
Added Pin To Net: NetName=DC_POSITIVE Pin=Q8-2
Added Pin To Net: NetName=AC_LIVE Pin=Q8-3
Added Pin To Net: NetName=GATE_HR Pin=Q9-1
Added Pin To Net: NetName=DC_POSITIVE Pin=Q9-2
Added Pin To Net: NetName=AC_NEUTRAL Pin=Q9-3
Added Pin To Net: NetName=TRAN_OUT_P Pin=T3-4
Added Pin To Net: NetName=TRAN_OUT_P Pin=T3-5
Added Pin To Net: NetName=TRAN_OUT_P Pin=T3-6
Added Pin To Net: NetName=TRAN_AUX_P Pin=T3-11
Added Pin To Net: NetName=TRAN_IN_P Pin=T3-12
Added Pin To Net: NetName=SCHOTTKY_OUT Pin=U8-3
Added Pin To Net: NetName=SCHOTTKY_OUT Pin=U9-1
Change Net Name : Old Net Name=DC_NEUTRAL New Net Name=TPA311_AGND
Added Pin To Net: NetName=DC_NEUTRAL Pin=Q6-3
Added Pin To Net: NetName=DC_NEUTRAL Pin=Q7-3
Added Net: Name=DC_NEUTRAL
Change Class Name : Old Net Name=PowerV2 New Net Name=Power
Added Member To Class: ClassName=Power Member=Component C? 1uF 450V
Added Rule: Name=Schematic Supply Nets_3
