Removed Member From Class: ClassName=PowerV2 Member=C49
Removed Member From Class: ClassName=PowerV2 Member=C52
Removed Member From Class: ClassName=PowerV2 Member=C53
Removed Member From Class: ClassName=PowerV2 Member=C55
Removed Member From Class: ClassName=Amplifier Member=C?
Removed Member From Class: ClassName=PowerV2 Member=IC3
Removed Member From Class: ClassName=PowerV2 Member=Q2
Removed Member From Class: ClassName=PowerV2 Member=Q3
Removed Member From Class: ClassName=PowerV2 Member=Q5
Removed Member From Class: ClassName=PowerV2 Member=R36
Removed Member From Class: ClassName=PowerV2 Member=R37
Removed Member From Class: ClassName=Power Member=T?
Removed Member From Class: ClassName=PowerV2 Member=T?
Removed Member From Class: ClassName=PowerV2 Member=U3
Removed Member From Class: ClassName=Power Member=U?
Change Component Designator: OldDesignator=C1 NewDesignator=C2
Change Component Designator: OldDesignator=C2 NewDesignator=C1
Change Component Designator: OldDesignator=C6 NewDesignator=C7
Change Component Designator: OldDesignator=C7 NewDesignator=C8
Change Component Designator: OldDesignator=C8 NewDesignator=C6
Change Component Designator: OldDesignator=C14 NewDesignator=C15
Change Component Designator: OldDesignator=C15 NewDesignator=C16
Change Component Designator: OldDesignator=C19 NewDesignator=C21
Change Component Designator: OldDesignator=C20 NewDesignator=C19
Change Component Designator: OldDesignator=C21 NewDesignator=C20
Change Component Designator: OldDesignator=C49 NewDesignator=C60
Change Component Designator: OldDesignator=C50 NewDesignator=C61
Change Component Designator: OldDesignator=C51 NewDesignator=C57
Change Component Designator: OldDesignator=C52 NewDesignator=C58
Change Component Designator: OldDesignator=C53 NewDesignator=C59
Change Component Designator: OldDesignator=C54 NewDesignator=C63
Change Component Designator: OldDesignator=C55 NewDesignator=C64
Change Component Designator: OldDesignator=C? NewDesignator=C14
Change Component Designator: OldDesignator=C? NewDesignator=C56
Change Component Designator: OldDesignator=C? NewDesignator=C62
Change Component Designator: OldDesignator=C? NewDesignator=C65
Change Component Designator: OldDesignator=D? NewDesignator=D10
Change Component Designator: OldDesignator=D? NewDesignator=D11
Change Component Designator: OldDesignator=D? NewDesignator=D12
Change Component Designator: OldDesignator=IC2 NewDesignator=IC4
Change Component Designator: OldDesignator=IC3 NewDesignator=IC5
Change Component Designator: OldDesignator=IC3 NewDesignator=IC6
Change Component Designator: OldDesignator=IC4 NewDesignator=IC7
Change Component Designator: OldDesignator=IC5 NewDesignator=IC8
Change Component Designator: OldDesignator=IC? NewDesignator=IC2
Change Component Designator: OldDesignator=IC? NewDesignator=IC3
Change Component Designator: OldDesignator=L? NewDesignator=L1
Change Component Designator: OldDesignator=L? NewDesignator=L2
Change Component Designator: OldDesignator=Q2 NewDesignator=Q6
Change Component Designator: OldDesignator=Q3 NewDesignator=Q7
Change Component Designator: OldDesignator=Q4 NewDesignator=Q8
Change Component Designator: OldDesignator=Q5 NewDesignator=Q9
Change Component Designator: OldDesignator=Q? NewDesignator=Q10
Change Component Designator: OldDesignator=R8 NewDesignator=R9
Change Component Designator: OldDesignator=R9 NewDesignator=R8
Change Component Designator: OldDesignator=R36 NewDesignator=R38
Change Component Designator: OldDesignator=R37 NewDesignator=R39
Change Component Designator: OldDesignator=R? NewDesignator=R40
Change Component Designator: OldDesignator=R? NewDesignator=R41
Change Component Designator: OldDesignator=R? NewDesignator=R42
Change Component Designator: OldDesignator=R? NewDesignator=R43
Change Component Designator: OldDesignator=SW1 NewDesignator=SW2
Change Component Designator: OldDesignator=SW? NewDesignator=SW1
Change Component Designator: OldDesignator=T1 NewDesignator=T2
Change Component Designator: OldDesignator=T? NewDesignator=T1
Change Component Designator: OldDesignator=T? NewDesignator=T3
Change Component Designator: OldDesignator=U2 NewDesignator=U4
Change Component Designator: OldDesignator=U3 NewDesignator=U5
Change Component Designator: OldDesignator=U3 NewDesignator=U8
Change Component Designator: OldDesignator=U4 NewDesignator=U6
Change Component Designator: OldDesignator=U4 NewDesignator=U7
Change Component Designator: OldDesignator=U5 NewDesignator=U9
Change Component Designator: OldDesignator=U6 NewDesignator=U10
Change Component Designator: OldDesignator=U? NewDesignator=U2
Change Component Designator: OldDesignator=U? NewDesignator=U3
Change Net Name : Old Net Name=NetC2_1 New Net Name=NetC1_1
Change Net Name : Old Net Name=NetC2_2 New Net Name=NetC1_2
Change Net Name : Old Net Name=NetC6_2 New Net Name=NetC7_2
Change Net Name : Old Net Name=NetC8_1 New Net Name=NetC6_1
Change Net Name : Old Net Name=NetC8_2 New Net Name=NetC6_2
Change Net Name : Old Net Name=NetC51_2 New Net Name=NetC57_2
Change Net Name : Old Net Name=NetC52_2 New Net Name=NetC58_2
Change Net Name : Old Net Name=NetC53_2 New Net Name=NetC59_2
Change Net Name : Old Net Name=NetC?_1 New Net Name=NetC62_1
Change Net Name : Old Net Name=NetC?_2 New Net Name=NetC65_2
Change Net Name : Old Net Name=NetD?_1 New Net Name=NetD10_1
Change Net Name : Old Net Name=NetD?_4 New Net Name=NetD12_4
Change Net Name : Old Net Name=NetIC3_1 New Net Name=NetIC6_1
Change Net Name : Old Net Name=NetIC?_1 New Net Name=NetIC3_1
Change Net Name : Old Net Name=NetL?_1 New Net Name=NetL2_1
Change Net Name : Old Net Name=NetQ?_1 New Net Name=NetQ10_1
Change Net Name : Old Net Name=NetR36_2 New Net Name=NetR38_2
Change Net Name : Old Net Name=NetR?_2 New Net Name=NetR42_2
Change Net Name : Old Net Name=NetSW1_2 New Net Name=NetSW2_2
Change Net Name : Old Net Name=NetSW?_2 New Net Name=NetSW1_2
Add Net: Net with name "AC_LIVE" already exists
Add Net: Net with name "AC_NEUTRAL" already exists
Add Net: Net with name "DC_NEUTRAL" already exists
Add Net: Net with name "DC_POSITIVE" already exists
Add Net: Net with name "GATE_HL" already exists
Add Net: Net with name "GATE_HR" already exists
Add Net: Net with name "GATE_LL" already exists
Add Net: Net with name "GATE_LR" already exists
Add Net: Net with name "SCHOTTKY_OUT" already exists
Add Net: Net with name "TRAN_AUX_P" already exists
Add Net: Net with name "TRAN_IN_P" already exists
Add Net: Net with name "TRAN_OUT_P" already exists
Added Member To Class: ClassName=Amplifier Member=Component C16 0603 1000pF
Added Member To Class: ClassName=PowerV2 Member=Component C58 220nF 50VAC 0805
Added Member To Class: ClassName=PowerV2 Member=Component C59 22uF 25VDC 1210
Added Member To Class: ClassName=PowerV2 Member=Component C60 10uF 25V
Added Member To Class: ClassName=PowerV2 Member=Component C62 0603 1uF 25v
Added Member To Class: ClassName=PowerV2 Member=Component C64 0603 25V 0.1uF
Added Member To Class: ClassName=PowerV2 Member=Component C65 1uF 160v
Added Member To Class: ClassName=PowerV2 Member=Component D11 Unsure
Added Member To Class: ClassName=PowerV2 Member=Component D12 MBRB20200CT
Added Member To Class: ClassName=Power Member=Component IC4 TEA2208T_1J
Added Member To Class: ClassName=PowerV2 Member=Component IC6 RAPC322X
Added Member To Class: ClassName=PowerV2 Member=Component L2 7447709100
Added Member To Class: ClassName=PowerV2 Member=Component Q6 IXTX102N65X2
Added Member To Class: ClassName=PowerV2 Member=Component Q7 IXTX102N65X2
Added Member To Class: ClassName=PowerV2 Member=Component Q9 IXTX102N65X2
Added Member To Class: ClassName=PowerV2 Member=Component R38 0603 121 1% 1/3W
Added Member To Class: ClassName=PowerV2 Member=Component R39 0603 1.2k 1% 1/3W
Added Member To Class: ClassName=PowerV2 Member=Component R40 CRG0603ZR
Added Member To Class: ClassName=PowerV2 Member=Component R41 CRG0603ZR
Added Member To Class: ClassName=PowerV2 Member=Component R42 CRG0603ZR
Added Member To Class: ClassName=Power Member=Component T2 750811330
Added Member To Class: ClassName=PowerV2 Member=Component T3 Z9260-AL
Added Member To Class: ClassName=Power Member=Component U5 LM1085ISX-ADJ/NOPB
Added Member To Class: ClassName=Power Member=Component U6 LM2937IMPX-3.3/NOPB
Added Member To Class: ClassName=PowerV2 Member=Component U8 LM1085ISX-ADJ/NOPB
