Removed Pin From Net: NetName=AC_LIVE Pin=Q1-2
Removed Pin From Net: NetName=DC_NEUTRAL Pin=Q1-3
Removed Pin From Net: NetName=AC_NEUTRAL Pin=Q2-2
Removed Pin From Net: NetName=DC_NEUTRAL Pin=Q2-3
Removed Pin From Net: NetName=DC_POSITIVE Pin=Q4-2
Removed Pin From Net: NetName=AC_LIVE Pin=Q4-3
Removed Pin From Net: NetName=DC_POSITIVE Pin=Q5-2
Removed Pin From Net: NetName=AC_NEUTRAL Pin=Q5-3
Change Component Footprint: Designator=Q1 Old Footprint=TO546P531X1980X2918-3P New Footprint=FP-PG-HSOF-8-MFG
Change Component Footprint: Designator=Q2 Old Footprint=TO546P531X1980X2918-3P New Footprint=FP-PG-HSOF-8-MFG
Change Component Footprint: Designator=Q4 Old Footprint=TO546P531X1980X2918-3P New Footprint=FP-PG-HSOF-8-MFG
Change Component Footprint: Designator=Q5 Old Footprint=TO546P531X1980X2918-3P New Footprint=FP-PG-HSOF-8-MFG
Change Component Comment : Designator=Q1 Old Comment=IXTX102N65X2 New Comment=IPT60R028G7XTMA1
Change Component Comment : Designator=Q2 Old Comment=IXTX102N65X2 New Comment=IPT60R028G7XTMA1
Change Component Comment : Designator=Q4 Old Comment=IXTX102N65X2 New Comment=IPT60R028G7XTMA1
Change Component Comment : Designator=Q5 Old Comment=IXTX102N65X2 New Comment=IPT60R028G7XTMA1
Change Managed Component Library Link : Designator=Q1 Old VaultGUID= New VaultGUID=B7D15EC3-160A-466F-A46C-7801FE6295A7 Old ItemGUID= New ItemGUID=08701C5A-A680-4ECC-AD1A-C5A3CE9DF592 Old RevisionGUID= New RevisionGUID=850F1C9C-88A0-43EB-8A42-390437491544
Change Managed Component Library Link : Designator=Q2 Old VaultGUID= New VaultGUID=B7D15EC3-160A-466F-A46C-7801FE6295A7 Old ItemGUID= New ItemGUID=08701C5A-A680-4ECC-AD1A-C5A3CE9DF592 Old RevisionGUID= New RevisionGUID=850F1C9C-88A0-43EB-8A42-390437491544
Change Managed Component Library Link : Designator=Q4 Old VaultGUID= New VaultGUID=B7D15EC3-160A-466F-A46C-7801FE6295A7 Old ItemGUID= New ItemGUID=08701C5A-A680-4ECC-AD1A-C5A3CE9DF592 Old RevisionGUID= New RevisionGUID=850F1C9C-88A0-43EB-8A42-390437491544
Change Managed Component Library Link : Designator=Q5 Old VaultGUID= New VaultGUID=B7D15EC3-160A-466F-A46C-7801FE6295A7 Old ItemGUID= New ItemGUID=08701C5A-A680-4ECC-AD1A-C5A3CE9DF592 Old RevisionGUID= New RevisionGUID=850F1C9C-88A0-43EB-8A42-390437491544
Change component parameters: Designator = "Q1" ("Q1"); Footprint = "TO546P531X1980X2918-3P"; UniqueID = "\IRCHSPQX" ("\IRCHSPQX")
Change component parameters (AddParameter): Name = "Automotive"; Value = "No"; VariantName = "[No Variations]"
Change component parameters (AddParameter): Name = "Category"; Value = "Trans"; VariantName = "[No Variations]"
Change component parameters (AddParameter): Name = "ComponentLink2Description"; Value = "Datasheet"; VariantName = "[No Variations]"
Change component parameters (AddParameter): Name = "ComponentLink2URL"; Value = "https://www.infineon.com/dgdl/Infineon-IPT60R028G7-DS-v02_00-EN.pdf?fileId=5546d46259d9a4bf015a13e82df70e30"; VariantName = "[No Variations]"
Change component parameters (AddParameter): Name = "Continuous Drain Current"; Value = "75A"; VariantName = "[No Variations]"
Change component parameters (AddParameter): Name = "Depletion Mode"; Value = "False"; VariantName = "[No Variations]"
Change component parameters (AddParameter): Name = "Device Class L1"; Value = "Discrete Semiconductors"; VariantName = "[No Variations]"
Change component parameters (AddParameter): Name = "Device Class L2"; Value = "Transistors"; VariantName = "[No Variations]"
Change component parameters (AddParameter): Name = "Device Class L3"; Value = "MOSFETs"; VariantName = "[No Variations]"
Change component parameters (AddParameter): Name = "Digikey Description"; Value = "MOSFET N-CH 600V 75A HSOF-8"; VariantName = "[No Variations]"
Change component parameters (AddParameter): Name = "Drain To Source Breakdown Voltage"; Value = "600V"; VariantName = "[No Variations]"
Change component parameters (AddParameter): Name = "Drain To Source Resistance"; Value = "0.024O"; VariantName = "[No Variations]"
Change component parameters (AddParameter): Name = "Drain To Source Voltage"; Value = "650V"; VariantName = "[No Variations]"
Change component parameters (AddParameter): Name = "Footprint Url"; Value = "https://www.infineon.com/cms/en/product/packages/PG-HSOF/PG-HSOF-8-2/"; VariantName = "[No Variations]"
Change component parameters (AddParameter): Name = "Gate Charge At Vgs"; Value = "123nC @ 10V"; VariantName = "[No Variations]"
Change component parameters (AddParameter): Name = "Gate To Source Voltage"; Value = "20V"; VariantName = "[No Variations]"
Change component parameters (AddParameter): Name = "Height"; Value = "2.4mm"; VariantName = "[No Variations]"
Change component parameters (AddParameter): Name = "Input Capacitace At Vds"; Value = "4820pF @ 400V"; VariantName = "[No Variations]"
Change component parameters (AddParameter): Name = "Lead Free"; Value = "Yes"; VariantName = "[No Variations]"
Change component parameters (AddParameter): Name = "Manufacturer"; Value = "Infineon"; VariantName = "[No Variations]"
Change component parameters (AddParameter): Name = "Manufacturer Part Number"; Value = "IPT60R028G7XTMA1"; VariantName = "[No Variations]"
Change component parameters (AddParameter): Name = "Max Junction Temp"; Value = "+150°C"; VariantName = "[No Variations]"
Change component parameters (AddParameter): Name = "Mouser Description"; Value = "Trans MOSFET N-CH 600V 75A 9-Pin(8+Tab) HSOF T/R"; VariantName = "[No Variations]"
Change component parameters (AddParameter): Name = "Number Of Channels"; Value = "1"; VariantName = "[No Variations]"
Change component parameters (AddParameter): Name = "Number Of N Channels"; Value = "1"; VariantName = "[No Variations]"
Change component parameters (AddParameter): Name = "Octopart"; Value = "https://octopart.com/ipt60r028g7xtma1-infineon-76958210"; VariantName = "[No Variations]"
Change component parameters (AddParameter): Name = "Package"; Value = "PG-HSOF-8"; VariantName = "[No Variations]"
Change component parameters (AddParameter): Name = "Power Dissipation"; Value = "391W"; VariantName = "[No Variations]"
Change component parameters (AddParameter): Name = "Pulse Drain Current"; Value = "245A"; VariantName = "[No Variations]"
Change component parameters (AddParameter): Name = "Reverse Recovery Charge"; Value = "8700nC"; VariantName = "[No Variations]"
Change component parameters (AddParameter): Name = "Reverse Recovery Time"; Value = "440ns"; VariantName = "[No Variations]"
Change component parameters (AddParameter): Name = "RoHS"; Value = "TRUE"; VariantName = "[No Variations]"
Change component parameters (AddParameter): Name = "Rthja Max"; Value = "62°C/W"; VariantName = "[No Variations]"
Change component parameters (AddParameter): Name = "Temperature"; Value = "-55°C to +150°C"; VariantName = "[No Variations]"
Change component parameters (AddParameter): Name = "Temperature Range High"; Value = "+150°C"; VariantName = "[No Variations]"
Change component parameters (AddParameter): Name = "Temperature Range Low"; Value = "-55°C"; VariantName = "[No Variations]"
Change component parameters (AddParameter): Name = "Threshold Vgs Max"; Value = "4V"; VariantName = "[No Variations]"
Change component parameters (AddParameter): Name = "Threshold Vgs Min"; Value = "3V"; VariantName = "[No Variations]"
Change component parameters (AddParameter): Name = "Turn Off Delay Time"; Value = "100ns"; VariantName = "[No Variations]"
Change component parameters (AddParameter): Name = "Turn On Delay Time"; Value = "28ns"; VariantName = "[No Variations]"
Change component parameters (AddParameter): Name = "Typ Forward Diode Voltage"; Value = "0.8V"; VariantName = "[No Variations]"
Change component parameters: Designator = "Q2" ("Q2"); Footprint = "TO546P531X1980X2918-3P"; UniqueID = "\LYQBBKNJ" ("\LYQBBKNJ")
Change component parameters (AddParameter): Name = "Automotive"; Value = "No"; VariantName = "[No Variations]"
Change component parameters (AddParameter): Name = "Category"; Value = "Trans"; VariantName = "[No Variations]"
Change component parameters (AddParameter): Name = "ComponentLink2Description"; Value = "Datasheet"; VariantName = "[No Variations]"
Change component parameters (AddParameter): Name = "ComponentLink2URL"; Value = "https://www.infineon.com/dgdl/Infineon-IPT60R028G7-DS-v02_00-EN.pdf?fileId=5546d46259d9a4bf015a13e82df70e30"; VariantName = "[No Variations]"
Change component parameters (AddParameter): Name = "Continuous Drain Current"; Value = "75A"; VariantName = "[No Variations]"
Change component parameters (AddParameter): Name = "Depletion Mode"; Value = "False"; VariantName = "[No Variations]"
Change component parameters (AddParameter): Name = "Device Class L1"; Value = "Discrete Semiconductors"; VariantName = "[No Variations]"
Change component parameters (AddParameter): Name = "Device Class L2"; Value = "Transistors"; VariantName = "[No Variations]"
Change component parameters (AddParameter): Name = "Device Class L3"; Value = "MOSFETs"; VariantName = "[No Variations]"
Change component parameters (AddParameter): Name = "Digikey Description"; Value = "MOSFET N-CH 600V 75A HSOF-8"; VariantName = "[No Variations]"
Change component parameters (AddParameter): Name = "Drain To Source Breakdown Voltage"; Value = "600V"; VariantName = "[No Variations]"
Change component parameters (AddParameter): Name = "Drain To Source Resistance"; Value = "0.024O"; VariantName = "[No Variations]"
Change component parameters (AddParameter): Name = "Drain To Source Voltage"; Value = "650V"; VariantName = "[No Variations]"
Change component parameters (AddParameter): Name = "Footprint Url"; Value = "https://www.infineon.com/cms/en/product/packages/PG-HSOF/PG-HSOF-8-2/"; VariantName = "[No Variations]"
Change component parameters (AddParameter): Name = "Gate Charge At Vgs"; Value = "123nC @ 10V"; VariantName = "[No Variations]"
Change component parameters (AddParameter): Name = "Gate To Source Voltage"; Value = "20V"; VariantName = "[No Variations]"
Change component parameters (AddParameter): Name = "Height"; Value = "2.4mm"; VariantName = "[No Variations]"
Change component parameters (AddParameter): Name = "Input Capacitace At Vds"; Value = "4820pF @ 400V"; VariantName = "[No Variations]"
Change component parameters (AddParameter): Name = "Lead Free"; Value = "Yes"; VariantName = "[No Variations]"
Change component parameters (AddParameter): Name = "Manufacturer"; Value = "Infineon"; VariantName = "[No Variations]"
Change component parameters (AddParameter): Name = "Manufacturer Part Number"; Value = "IPT60R028G7XTMA1"; VariantName = "[No Variations]"
Change component parameters (AddParameter): Name = "Max Junction Temp"; Value = "+150°C"; VariantName = "[No Variations]"
Change component parameters (AddParameter): Name = "Mouser Description"; Value = "Trans MOSFET N-CH 600V 75A 9-Pin(8+Tab) HSOF T/R"; VariantName = "[No Variations]"
Change component parameters (AddParameter): Name = "Number Of Channels"; Value = "1"; VariantName = "[No Variations]"
Change component parameters (AddParameter): Name = "Number Of N Channels"; Value = "1"; VariantName = "[No Variations]"
Change component parameters (AddParameter): Name = "Octopart"; Value = "https://octopart.com/ipt60r028g7xtma1-infineon-76958210"; VariantName = "[No Variations]"
Change component parameters (AddParameter): Name = "Package"; Value = "PG-HSOF-8"; VariantName = "[No Variations]"
Change component parameters (AddParameter): Name = "Power Dissipation"; Value = "391W"; VariantName = "[No Variations]"
Change component parameters (AddParameter): Name = "Pulse Drain Current"; Value = "245A"; VariantName = "[No Variations]"
Change component parameters (AddParameter): Name = "Reverse Recovery Charge"; Value = "8700nC"; VariantName = "[No Variations]"
Change component parameters (AddParameter): Name = "Reverse Recovery Time"; Value = "440ns"; VariantName = "[No Variations]"
Change component parameters (AddParameter): Name = "RoHS"; Value = "TRUE"; VariantName = "[No Variations]"
Change component parameters (AddParameter): Name = "Rthja Max"; Value = "62°C/W"; VariantName = "[No Variations]"
Change component parameters (AddParameter): Name = "Temperature"; Value = "-55°C to +150°C"; VariantName = "[No Variations]"
Change component parameters (AddParameter): Name = "Temperature Range High"; Value = "+150°C"; VariantName = "[No Variations]"
Change component parameters (AddParameter): Name = "Temperature Range Low"; Value = "-55°C"; VariantName = "[No Variations]"
Change component parameters (AddParameter): Name = "Threshold Vgs Max"; Value = "4V"; VariantName = "[No Variations]"
Change component parameters (AddParameter): Name = "Threshold Vgs Min"; Value = "3V"; VariantName = "[No Variations]"
Change component parameters (AddParameter): Name = "Turn Off Delay Time"; Value = "100ns"; VariantName = "[No Variations]"
Change component parameters (AddParameter): Name = "Turn On Delay Time"; Value = "28ns"; VariantName = "[No Variations]"
Change component parameters (AddParameter): Name = "Typ Forward Diode Voltage"; Value = "0.8V"; VariantName = "[No Variations]"
Change component parameters: Designator = "Q4" ("Q4"); Footprint = "TO546P531X1980X2918-3P"; UniqueID = "\OUTBJZUB" ("\OUTBJZUB")
Change component parameters (AddParameter): Name = "Automotive"; Value = "No"; VariantName = "[No Variations]"
Change component parameters (AddParameter): Name = "Category"; Value = "Trans"; VariantName = "[No Variations]"
Change component parameters (AddParameter): Name = "ComponentLink2Description"; Value = "Datasheet"; VariantName = "[No Variations]"
Change component parameters (AddParameter): Name = "ComponentLink2URL"; Value = "https://www.infineon.com/dgdl/Infineon-IPT60R028G7-DS-v02_00-EN.pdf?fileId=5546d46259d9a4bf015a13e82df70e30"; VariantName = "[No Variations]"
Change component parameters (AddParameter): Name = "Continuous Drain Current"; Value = "75A"; VariantName = "[No Variations]"
Change component parameters (AddParameter): Name = "Depletion Mode"; Value = "False"; VariantName = "[No Variations]"
Change component parameters (AddParameter): Name = "Device Class L1"; Value = "Discrete Semiconductors"; VariantName = "[No Variations]"
Change component parameters (AddParameter): Name = "Device Class L2"; Value = "Transistors"; VariantName = "[No Variations]"
Change component parameters (AddParameter): Name = "Device Class L3"; Value = "MOSFETs"; VariantName = "[No Variations]"
Change component parameters (AddParameter): Name = "Digikey Description"; Value = "MOSFET N-CH 600V 75A HSOF-8"; VariantName = "[No Variations]"
Change component parameters (AddParameter): Name = "Drain To Source Breakdown Voltage"; Value = "600V"; VariantName = "[No Variations]"
Change component parameters (AddParameter): Name = "Drain To Source Resistance"; Value = "0.024O"; VariantName = "[No Variations]"
Change component parameters (AddParameter): Name = "Drain To Source Voltage"; Value = "650V"; VariantName = "[No Variations]"
Change component parameters (AddParameter): Name = "Footprint Url"; Value = "https://www.infineon.com/cms/en/product/packages/PG-HSOF/PG-HSOF-8-2/"; VariantName = "[No Variations]"
Change component parameters (AddParameter): Name = "Gate Charge At Vgs"; Value = "123nC @ 10V"; VariantName = "[No Variations]"
Change component parameters (AddParameter): Name = "Gate To Source Voltage"; Value = "20V"; VariantName = "[No Variations]"
Change component parameters (AddParameter): Name = "Height"; Value = "2.4mm"; VariantName = "[No Variations]"
Change component parameters (AddParameter): Name = "Input Capacitace At Vds"; Value = "4820pF @ 400V"; VariantName = "[No Variations]"
Change component parameters (AddParameter): Name = "Lead Free"; Value = "Yes"; VariantName = "[No Variations]"
Change component parameters (AddParameter): Name = "Manufacturer"; Value = "Infineon"; VariantName = "[No Variations]"
Change component parameters (AddParameter): Name = "Manufacturer Part Number"; Value = "IPT60R028G7XTMA1"; VariantName = "[No Variations]"
Change component parameters (AddParameter): Name = "Max Junction Temp"; Value = "+150°C"; VariantName = "[No Variations]"
Change component parameters (AddParameter): Name = "Mouser Description"; Value = "Trans MOSFET N-CH 600V 75A 9-Pin(8+Tab) HSOF T/R"; VariantName = "[No Variations]"
Change component parameters (AddParameter): Name = "Number Of Channels"; Value = "1"; VariantName = "[No Variations]"
Change component parameters (AddParameter): Name = "Number Of N Channels"; Value = "1"; VariantName = "[No Variations]"
Change component parameters (AddParameter): Name = "Octopart"; Value = "https://octopart.com/ipt60r028g7xtma1-infineon-76958210"; VariantName = "[No Variations]"
Change component parameters (AddParameter): Name = "Package"; Value = "PG-HSOF-8"; VariantName = "[No Variations]"
Change component parameters (AddParameter): Name = "Power Dissipation"; Value = "391W"; VariantName = "[No Variations]"
Change component parameters (AddParameter): Name = "Pulse Drain Current"; Value = "245A"; VariantName = "[No Variations]"
Change component parameters (AddParameter): Name = "Reverse Recovery Charge"; Value = "8700nC"; VariantName = "[No Variations]"
Change component parameters (AddParameter): Name = "Reverse Recovery Time"; Value = "440ns"; VariantName = "[No Variations]"
Change component parameters (AddParameter): Name = "RoHS"; Value = "TRUE"; VariantName = "[No Variations]"
Change component parameters (AddParameter): Name = "Rthja Max"; Value = "62°C/W"; VariantName = "[No Variations]"
Change component parameters (AddParameter): Name = "Temperature"; Value = "-55°C to +150°C"; VariantName = "[No Variations]"
Change component parameters (AddParameter): Name = "Temperature Range High"; Value = "+150°C"; VariantName = "[No Variations]"
Change component parameters (AddParameter): Name = "Temperature Range Low"; Value = "-55°C"; VariantName = "[No Variations]"
Change component parameters (AddParameter): Name = "Threshold Vgs Max"; Value = "4V"; VariantName = "[No Variations]"
Change component parameters (AddParameter): Name = "Threshold Vgs Min"; Value = "3V"; VariantName = "[No Variations]"
Change component parameters (AddParameter): Name = "Turn Off Delay Time"; Value = "100ns"; VariantName = "[No Variations]"
Change component parameters (AddParameter): Name = "Turn On Delay Time"; Value = "28ns"; VariantName = "[No Variations]"
Change component parameters (AddParameter): Name = "Typ Forward Diode Voltage"; Value = "0.8V"; VariantName = "[No Variations]"
Change component parameters: Designator = "Q5" ("Q5"); Footprint = "TO546P531X1980X2918-3P"; UniqueID = "\CUJVGIYY" ("\CUJVGIYY")
Change component parameters (AddParameter): Name = "Automotive"; Value = "No"; VariantName = "[No Variations]"
Change component parameters (AddParameter): Name = "Category"; Value = "Trans"; VariantName = "[No Variations]"
Change component parameters (AddParameter): Name = "ComponentLink2Description"; Value = "Datasheet"; VariantName = "[No Variations]"
Change component parameters (AddParameter): Name = "ComponentLink2URL"; Value = "https://www.infineon.com/dgdl/Infineon-IPT60R028G7-DS-v02_00-EN.pdf?fileId=5546d46259d9a4bf015a13e82df70e30"; VariantName = "[No Variations]"
Change component parameters (AddParameter): Name = "Continuous Drain Current"; Value = "75A"; VariantName = "[No Variations]"
Change component parameters (AddParameter): Name = "Depletion Mode"; Value = "False"; VariantName = "[No Variations]"
Change component parameters (AddParameter): Name = "Device Class L1"; Value = "Discrete Semiconductors"; VariantName = "[No Variations]"
Change component parameters (AddParameter): Name = "Device Class L2"; Value = "Transistors"; VariantName = "[No Variations]"
Change component parameters (AddParameter): Name = "Device Class L3"; Value = "MOSFETs"; VariantName = "[No Variations]"
Change component parameters (AddParameter): Name = "Digikey Description"; Value = "MOSFET N-CH 600V 75A HSOF-8"; VariantName = "[No Variations]"
Change component parameters (AddParameter): Name = "Drain To Source Breakdown Voltage"; Value = "600V"; VariantName = "[No Variations]"
Change component parameters (AddParameter): Name = "Drain To Source Resistance"; Value = "0.024O"; VariantName = "[No Variations]"
Change component parameters (AddParameter): Name = "Drain To Source Voltage"; Value = "650V"; VariantName = "[No Variations]"
Change component parameters (AddParameter): Name = "Footprint Url"; Value = "https://www.infineon.com/cms/en/product/packages/PG-HSOF/PG-HSOF-8-2/"; VariantName = "[No Variations]"
Change component parameters (AddParameter): Name = "Gate Charge At Vgs"; Value = "123nC @ 10V"; VariantName = "[No Variations]"
Change component parameters (AddParameter): Name = "Gate To Source Voltage"; Value = "20V"; VariantName = "[No Variations]"
Change component parameters (AddParameter): Name = "Height"; Value = "2.4mm"; VariantName = "[No Variations]"
Change component parameters (AddParameter): Name = "Input Capacitace At Vds"; Value = "4820pF @ 400V"; VariantName = "[No Variations]"
Change component parameters (AddParameter): Name = "Lead Free"; Value = "Yes"; VariantName = "[No Variations]"
Change component parameters (AddParameter): Name = "Manufacturer"; Value = "Infineon"; VariantName = "[No Variations]"
Change component parameters (AddParameter): Name = "Manufacturer Part Number"; Value = "IPT60R028G7XTMA1"; VariantName = "[No Variations]"
Change component parameters (AddParameter): Name = "Max Junction Temp"; Value = "+150°C"; VariantName = "[No Variations]"
Change component parameters (AddParameter): Name = "Mouser Description"; Value = "Trans MOSFET N-CH 600V 75A 9-Pin(8+Tab) HSOF T/R"; VariantName = "[No Variations]"
Change component parameters (AddParameter): Name = "Number Of Channels"; Value = "1"; VariantName = "[No Variations]"
Change component parameters (AddParameter): Name = "Number Of N Channels"; Value = "1"; VariantName = "[No Variations]"
Change component parameters (AddParameter): Name = "Octopart"; Value = "https://octopart.com/ipt60r028g7xtma1-infineon-76958210"; VariantName = "[No Variations]"
Change component parameters (AddParameter): Name = "Package"; Value = "PG-HSOF-8"; VariantName = "[No Variations]"
Change component parameters (AddParameter): Name = "Power Dissipation"; Value = "391W"; VariantName = "[No Variations]"
Change component parameters (AddParameter): Name = "Pulse Drain Current"; Value = "245A"; VariantName = "[No Variations]"
Change component parameters (AddParameter): Name = "Reverse Recovery Charge"; Value = "8700nC"; VariantName = "[No Variations]"
Change component parameters (AddParameter): Name = "Reverse Recovery Time"; Value = "440ns"; VariantName = "[No Variations]"
Change component parameters (AddParameter): Name = "RoHS"; Value = "TRUE"; VariantName = "[No Variations]"
Change component parameters (AddParameter): Name = "Rthja Max"; Value = "62°C/W"; VariantName = "[No Variations]"
Change component parameters (AddParameter): Name = "Temperature"; Value = "-55°C to +150°C"; VariantName = "[No Variations]"
Change component parameters (AddParameter): Name = "Temperature Range High"; Value = "+150°C"; VariantName = "[No Variations]"
Change component parameters (AddParameter): Name = "Temperature Range Low"; Value = "-55°C"; VariantName = "[No Variations]"
Change component parameters (AddParameter): Name = "Threshold Vgs Max"; Value = "4V"; VariantName = "[No Variations]"
Change component parameters (AddParameter): Name = "Threshold Vgs Min"; Value = "3V"; VariantName = "[No Variations]"
Change component parameters (AddParameter): Name = "Turn Off Delay Time"; Value = "100ns"; VariantName = "[No Variations]"
Change component parameters (AddParameter): Name = "Turn On Delay Time"; Value = "28ns"; VariantName = "[No Variations]"
Change component parameters (AddParameter): Name = "Typ Forward Diode Voltage"; Value = "0.8V"; VariantName = "[No Variations]"
Added Component: Designator=TP1(KEYSTONE_5197TR)
Add component (AddParameter): Name = "Check_prices"; Value = "https://www.snapeda.com/parts/5197TR/Keystone+Electronics/view-part/?ref=eda"; VariantName = "[No Variations]"
Add component (AddParameter): Name = "Component Type"; Value = "Standard"; VariantName = "[No Variations]"
Add component (AddParameter): Name = "Design Item ID"; Value = "5197TR"; VariantName = "[No Variations]"
Add component (AddParameter): Name = "MF"; Value = "Keystone Electronics"; VariantName = "[No Variations]"
Add component (AddParameter): Name = "MP"; Value = "5197TR"; VariantName = "[No Variations]"
Add component (AddParameter): Name = "Package"; Value = "None"; VariantName = "[No Variations]"
Add component (AddParameter): Name = "Pin Count"; Value = "1"; VariantName = "[No Variations]"
Add component (AddParameter): Name = "SnapEDA_Link"; Value = "https://www.snapeda.com/parts/5197TR/Keystone+Electronics/view-part/?ref=snap"; VariantName = "[No Variations]"
Add component (AddParameter): Name = "Source"; Value = "5197TR.SchLib"; VariantName = "[No Variations]"
Add component (AddParameter): Name = "Value"; Value = ""; VariantName = "[No Variations]"
Added Pin To Net: NetName=DC_NEUTRAL Pin=Q1-3-4-5-6-7-8
Added Pin To Net: NetName=AC_LIVE Pin=Q1-9
Added Pin To Net: NetName=DC_NEUTRAL Pin=Q2-3-4-5-6-7-8
Added Pin To Net: NetName=AC_NEUTRAL Pin=Q2-9
Added Pin To Net: NetName=AC_LIVE Pin=Q4-3-4-5-6-7-8
Added Pin To Net: NetName=DC_POSITIVE Pin=Q4-9
Added Pin To Net: NetName=AC_NEUTRAL Pin=Q5-3-4-5-6-7-8
Added Pin To Net: NetName=DC_POSITIVE Pin=Q5-9
Added Pin To Net: NetName=NetIC1_22 Pin=TP1-TP
Added Member To Class: ClassName=ESP32 Member=Component C27 06035C104K4T2A
Added Member To Class: ClassName=ESP32 Member=Component R14 Jumper 0603
Added Member To Class: ClassName=ESP32 Member=Component R15 Jumper 0603
Added Member To Class: ClassName=Misc Member=Component TP1 5197TR
