Added Component: Designator=U?(LT-MSE-16-EDP_L)
Add component (AddParameter): Name = "ComponentLink1Description"; Value = "Manufacturer URL"; VariantName = "[No Variations]"
Add component (AddParameter): Name = "ComponentLink1URL"; Value = "http://www.linear.com/"; VariantName = "[No Variations]"
Add component (AddParameter): Name = "ComponentLink2Description"; Value = "Datasheet"; VariantName = "[No Variations]"
Add component (AddParameter): Name = "ComponentLink2URL"; Value = "http://cds.linear.com/docs/en/datasheet/3798fa.pdf"; VariantName = "[No Variations]"
Add component (AddParameter): Name = "ComponentLink3Description"; Value = "Package Specification"; VariantName = "[No Variations]"
Add component (AddParameter): Name = "ComponentLink3URL"; Value = "http://cds.linear.com/docs/en/packaging/05081667_F_MSE16.pdf"; VariantName = "[No Variations]"
Add component (AddParameter): Name = "DatasheetVersion"; Value = "Rev. A"; VariantName = "[No Variations]"
Add component (AddParameter): Name = "Manufacturer"; Value = "Linear Technology"; VariantName = "[No Variations]"
Add component (AddParameter): Name = "Mounting Technology"; Value = "Surface Mount"; VariantName = "[No Variations]"
Add component (AddParameter): Name = "Number of Outputs"; Value = "1"; VariantName = "[No Variations]"
Add component (AddParameter): Name = "PackageDescription"; Value = "16-Pin Plastic MSOP, Exposed Die Pad, Body 4.039 x 3 mm, Pitch 0.5 mm"; VariantName = "[No Variations]"
Add component (AddParameter): Name = "PackageReference"; Value = "MSE-16"; VariantName = "[No Variations]"
Add component (AddParameter): Name = "PackageVersion"; Value = "Rev. F, 05/2013"; VariantName = "[No Variations]"
Add component (AddParameter): Name = "PartNumber"; Value = "LT3798EMSE#PBF"; VariantName = "[No Variations]"
Add component (AddParameter): Name = "RoHS"; Value = "TRUE"; VariantName = "[No Variations]"
Added Pin To Net: NetName=GND Pin=T?-7
Added Pin To Net: NetName=GND Pin=T?-8
Added Pin To Net: NetName=Aux_Out_18v Pin=T?-6
Added Net: Name=Aux_Out_18v
Added Pin To Net: NetName=Main_Out_18v Pin=T?-12
Added Net: Name=Main_Out_18v
Added Pin To Net: NetName=NetJ?_1 Pin=J?-1
Added Pin To Net: NetName=NetJ?_1 Pin=T?-4
Added Net: Name=NetJ?_1
Added Pin To Net: NetName=NetJ?_3 Pin=J?-3
Added Pin To Net: NetName=NetJ?_3 Pin=T?-2
Added Net: Name=NetJ?_3
Added Member To Class: ClassName=Wireless Member=Component R? RC0603JR-070RL
Added Member To Class: ClassName=Power Member=Component T? 750811330
Added Member To Class: ClassName=Power Member=Component U? LT3798EMSE#PBF
