Remove Pin from Net: Failed to remove Pin
Remove Pin from Net: Failed to remove Pin
Remove Pin from Net: Failed to remove Pin
Remove Pin from Net: Failed to remove Pin
Remove Pin from Net: Failed to remove Pin
Remove Pin from Net: Failed to remove Pin
Removed Pin From Net: NetName=TRAN_AUX_P Pin=C39-1
Remove Pin from Net: Failed to remove Pin
Remove Pin from Net: Failed to remove Pin
Remove Pin from Net: Failed to remove Pin
Removed Pin From Net: NetName=TRAN_IN_P Pin=D5-2
Removed Pin From Net: NetName=AC_NEUTRAL Pin=D6-1
Removed Pin From Net: NetName=AC_LIVE Pin=D6-3
Remove Pin from Net: Failed to remove Pin
Removed Pin From Net: NetName=DC_POSITIVE Pin=L2-2
Removed Pin From Net: NetName=TRAN_IN_P Pin=Q1-2
Remove Pin from Net: Failed to remove Pin
Remove Pin from Net: Failed to remove Pin
Remove Pin from Net: Failed to remove Pin
Remove Pin from Net: Failed to remove Pin
Remove Pin from Net: Failed to remove Pin
Removed Pin From Net: NetName=TRAN_AUX_P Pin=R24-2
Removed Pin From Net: NetName=TRAN_AUX_P Pin=R28-1
Remove Pin from Net: Failed to remove Pin
Remove Pin from Net: Failed to remove Pin
Removed Pin From Net: NetName=TRAN_IN_P Pin=T2-2
Removed Pin From Net: NetName=TRAN_AUX_P Pin=T2-6
Remove Pin from Net: Failed to remove Pin
Remove Pin from Net: Failed to remove Pin
Remove Pin from Net: Failed to remove Pin
Remove Pin from Net: Failed to remove Pin
Remove Pin from Net: Failed to remove Pin
Removed Member From Class: ClassName=Power Member=C44
Removed Member From Class: ClassName=Power Member=C47
Removed Member From Class: ClassName=Power Member=D4
Removed Member From Class: ClassName=Power Member=D5
Removed Member From Class: ClassName=Power Member=D6
Removed Member From Class: ClassName=Power Member=IC5
Removed Member From Class: ClassName=Power Member=L2
Removed Member From Class: ClassName=Power Member=Q5
Removed Member From Class: ClassName=Power Member=R22
Removed Member From Class: ClassName=Power Member=R23
Removed Member From Class: ClassName=Power Member=R24
Removed Member From Class: ClassName=Power Member=R25
Removed Member From Class: ClassName=Power Member=U5
Added Component: Designator=U?(LT-MSE-16-EDP_L)
Add component (AddParameter): Name = "ComponentLink1Description"; Value = "Manufacturer URL"; VariantName = "[No Variations]"
Add component (AddParameter): Name = "ComponentLink1URL"; Value = "http://www.linear.com/"; VariantName = "[No Variations]"
Add component (AddParameter): Name = "ComponentLink2Description"; Value = "Datasheet"; VariantName = "[No Variations]"
Add component (AddParameter): Name = "ComponentLink2URL"; Value = "http://cds.linear.com/docs/en/datasheet/3798fa.pdf"; VariantName = "[No Variations]"
Add component (AddParameter): Name = "ComponentLink3Description"; Value = "Package Specification"; VariantName = "[No Variations]"
Add component (AddParameter): Name = "ComponentLink3URL"; Value = "http://cds.linear.com/docs/en/packaging/05081667_F_MSE16.pdf"; VariantName = "[No Variations]"
Add component (AddParameter): Name = "DatasheetVersion"; Value = "Rev. A"; VariantName = "[No Variations]"
Add component (AddParameter): Name = "Manufacturer"; Value = "Linear Technology"; VariantName = "[No Variations]"
Add component (AddParameter): Name = "Mounting Technology"; Value = "Surface Mount"; VariantName = "[No Variations]"
Add component (AddParameter): Name = "Number of Outputs"; Value = "1"; VariantName = "[No Variations]"
Add component (AddParameter): Name = "PackageDescription"; Value = "16-Pin Plastic MSOP, Exposed Die Pad, Body 4.039 x 3 mm, Pitch 0.5 mm"; VariantName = "[No Variations]"
Add component (AddParameter): Name = "PackageReference"; Value = "MSE-16"; VariantName = "[No Variations]"
Add component (AddParameter): Name = "PackageVersion"; Value = "Rev. F, 05/2013"; VariantName = "[No Variations]"
Add component (AddParameter): Name = "PartNumber"; Value = "LT3798EMSE#PBF"; VariantName = "[No Variations]"
Add component (AddParameter): Name = "RoHS"; Value = "TRUE"; VariantName = "[No Variations]"
Added Pin To Net: NetName=NetT?_10 Pin=C38-1
Added Pin To Net: NetName=TRAN_IN_P Pin=T?-1
Added Pin To Net: NetName=DC_NEUTRAL Pin=T?-4
Added Pin To Net: NetName=TRAN_AUX_P Pin=T?-5
Added Pin To Net: NetName=DC_NEUTRAL Pin=T?-7
Added Pin To Net: NetName=DC_NEUTRAL Pin=T?-8
Added Pin To Net: NetName=DC_NEUTRAL Pin=T?-9
Change Net Name : Old Net Name=DC_NEUTRAL New Net Name=TPA311_AGND
Change Net Name : Old Net Name=NetT?_10 New Net Name=TRAN_OUT_P
Added Pin To Net: NetName=TRAN_AUX_N Pin=T?-6
Added Net: Name=TRAN_AUX_N
Added Member To Class: ClassName=Power Member=Component U? LT3798EMSE#PBF
Added Rule: Name=Schematic Supply Nets_3
