Add Component: Footprint Not Found QFN40P700X700X90-57N-D
Add Component: Footprint Not Found SOT96P240X110-3N
Add Component: Footprint Not Found IECEW4
Add Pin To Net: Unknown Pin: Pin IC?-1
Add Pin To Net: Unknown Pin: Pin IC?-2
Add Pin To Net: Unknown Pin: Pin IC?-2
Add Pin To Net: Unknown Pin: Pin IC?-3
Add Pin To Net: Unknown Pin: Pin IC?-3
Add Pin To Net: Unknown Pin: Pin IC?-5
Add Pin To Net: Unknown Pin: Pin IC?-6
Add Pin To Net: Unknown Pin: Pin IC?-7
Add Pin To Net: Unknown Pin: Pin IC?-8
Add Pin To Net: Unknown Pin: Pin IC?-9
Add Pin To Net: Unknown Pin: Pin IC?-10
Add Pin To Net: Unknown Pin: Pin IC?-11
Add Pin To Net: Unknown Pin: Pin IC?-12
Add Pin To Net: Unknown Pin: Pin IC?-13
Add Pin To Net: Unknown Pin: Pin IC?-14
Add Pin To Net: Unknown Pin: Pin IC?-15
Add Pin To Net: Unknown Pin: Pin IC?-16
Add Pin To Net: Unknown Pin: Pin IC?-17
Add Pin To Net: Unknown Pin: Pin IC?-18
Add Pin To Net: Unknown Pin: Pin IC?-19
Add Pin To Net: Unknown Pin: Pin IC?-20
Add Pin To Net: Unknown Pin: Pin IC?-23
Add Pin To Net: Unknown Pin: Pin IC?-24
Add Pin To Net: Unknown Pin: Pin IC?-25
Add Pin To Net: Unknown Pin: Pin IC?-26
Add Pin To Net: Unknown Pin: Pin IC?-27
Add Pin To Net: Unknown Pin: Pin IC?-29
Add Pin To Net: Unknown Pin: Pin IC?-38
Add Pin To Net: Unknown Pin: Pin IC?-39
Add Pin To Net: Unknown Pin: Pin IC?-40
Add Pin To Net: Unknown Pin: Pin IC?-41
Add Pin To Net: Unknown Pin: Pin IC?-42
Add Pin To Net: Unknown Pin: Pin IC?-43
Add Pin To Net: Unknown Pin: Pin IC?-46
Add Pin To Net: Unknown Pin: Pin IC?-51
Add Pin To Net: Unknown Pin: Pin IC?-52
Add Pin To Net: Unknown Pin: Pin IC?-55
Add Pin To Net: Unknown Pin: Pin IC?-56
Add Pin To Net: Unknown Pin: Pin IC?-57
Add Pin To Net: Unknown Pin: Pin J?-4
Add Pin To Net: Unknown Pin: Pin J?-5
Add Class Member: Failed to add class member : Component IC? AP7387-33SA-7
Add Class Member: Failed to add class member : Component IC? ESP32-S3
Add Class Member: Failed to add class member : Component J? IEC-EW-4
