Change Component Designator: Old Designator=C57 New Designator=C39
Change Component Designator: Old Designator=C58 New Designator=C40
Change Component Designator: Old Designator=C59 New Designator=C41
Change Component Designator: Old Designator=C60 New Designator=C42
Change Component Designator: Old Designator=C61 New Designator=C43
Change Component Designator: Old Designator=C62 New Designator=C44
Change Component Designator: Old Designator=C63 New Designator=C45
Change Component Designator: Old Designator=C64 New Designator=C46
Change Component Designator: Old Designator=C65 New Designator=C47
Change Component Designator: Old Designator=C? New Designator=C37
Change Component Designator: Old Designator=C? New Designator=C38
Change Component Designator: Old Designator=D10 New Designator=D4
Change Component Designator: Old Designator=D11 New Designator=D5
Change Component Designator: Old Designator=D12 New Designator=D6
Change Component Designator: Old Designator=IC6 New Designator=IC3
Change Component Designator: Old Designator=IC7 New Designator=IC4
Change Component Designator: Old Designator=IC8 New Designator=IC5
Change Component Designator: Old Designator=L1 New Designator=L2
Change Component Designator: Old Designator=L2 New Designator=L3
Change Component Designator: Old Designator=L? New Designator=L1
Change Component Designator: Old Designator=Q6 New Designator=Q1
Change Component Designator: Old Designator=Q7 New Designator=Q2
Change Component Designator: Old Designator=Q8 New Designator=Q3
Change Component Designator: Old Designator=Q9 New Designator=Q4
Change Component Designator: Old Designator=Q10 New Designator=Q5
Change Component Designator: Old Designator=R38 New Designator=R20
Change Component Designator: Old Designator=R39 New Designator=R21
Change Component Designator: Old Designator=R40 New Designator=R22
Change Component Designator: Old Designator=R41 New Designator=R23
Change Component Designator: Old Designator=R42 New Designator=R24
Change Component Designator: Old Designator=R43 New Designator=R25
Change Component Designator: Old Designator=SW2 New Designator=SW1
Change Component Designator: Old Designator=T3 New Designator=T1
Change Component Designator: Old Designator=U7 New Designator=U2
Change Component Designator: Old Designator=U8 New Designator=U3
Change Component Designator: Old Designator=U9 New Designator=U4
Change Component Designator: Old Designator=U10 New Designator=U5
