Change Component Designator: Old Designator=C49 New Designator=C60
Change Component Designator: Old Designator=C50 New Designator=C61
Change Component Designator: Old Designator=C51 New Designator=C57
Change Component Designator: Old Designator=C52 New Designator=C58
Change Component Designator: Old Designator=C53 New Designator=C59
Change Component Designator: Old Designator=C54 New Designator=C63
Change Component Designator: Old Designator=C55 New Designator=C64
Change Component Designator: Old Designator=C? New Designator=C56
Change Component Designator: Old Designator=C? New Designator=C62
Change Component Designator: Old Designator=C? New Designator=C65
Change Component Designator: Old Designator=D? New Designator=D10
Change Component Designator: Old Designator=D? New Designator=D11
Change Component Designator: Old Designator=D? New Designator=D12
Change Component Designator: Old Designator=IC3 New Designator=IC6
Change Component Designator: Old Designator=IC4 New Designator=IC7
Change Component Designator: Old Designator=IC5 New Designator=IC8
Change Component Designator: Old Designator=L? New Designator=L1
Change Component Designator: Old Designator=L? New Designator=L2
Change Component Designator: Old Designator=Q2 New Designator=Q6
Change Component Designator: Old Designator=Q3 New Designator=Q7
Change Component Designator: Old Designator=Q4 New Designator=Q8
Change Component Designator: Old Designator=Q5 New Designator=Q9
Change Component Designator: Old Designator=Q? New Designator=Q10
Change Component Designator: Old Designator=R36 New Designator=R38
Change Component Designator: Old Designator=R37 New Designator=R39
Change Component Designator: Old Designator=R? New Designator=R40
Change Component Designator: Old Designator=R? New Designator=R41
Change Component Designator: Old Designator=R? New Designator=R42
Change Component Designator: Old Designator=R? New Designator=R43
Change Component Designator: Old Designator=SW1 New Designator=SW2
Change Component Designator: Old Designator=T? New Designator=T3
Change Component Designator: Old Designator=U3 New Designator=U8
Change Component Designator: Old Designator=U4 New Designator=U7
Change Component Designator: Old Designator=U5 New Designator=U9
Change Component Designator: Old Designator=U6 New Designator=U10
