Change Component Designator: Old Designator=C37 New Designator=C43
Change Component Designator: Old Designator=C38 New Designator=C44
Change Component Designator: Old Designator=C39 New Designator=C37
Change Component Designator: Old Designator=C40 New Designator=C38
Change Component Designator: Old Designator=C41 New Designator=C39
Change Component Designator: Old Designator=C42 New Designator=C40
Change Component Designator: Old Designator=C43 New Designator=C49
Change Component Designator: Old Designator=C44 New Designator=C50
Change Component Designator: Old Designator=C? New Designator=C41
Change Component Designator: Old Designator=C? New Designator=C42
Change Component Designator: Old Designator=D? New Designator=D4
Change Component Designator: Old Designator=D? New Designator=D5
Change Component Designator: Old Designator=D? New Designator=D6
Change Component Designator: Old Designator=D? New Designator=D7
Change Component Designator: Old Designator=R20 New Designator=R26
Change Component Designator: Old Designator=R21 New Designator=R29
Change Component Designator: Old Designator=R22 New Designator=R23
Change Component Designator: Old Designator=R23 New Designator=R24
Change Component Designator: Old Designator=R24 New Designator=R27
Change Component Designator: Old Designator=R25 New Designator=R28
Change Component Designator: Old Designator=R26 New Designator=R30
Change Component Designator: Old Designator=R27 New Designator=R31
Change Component Designator: Old Designator=R28 New Designator=R32
Change Component Designator: Old Designator=R29 New Designator=R33
Change Component Designator: Old Designator=R30 New Designator=R34
Change Component Designator: Old Designator=R31 New Designator=R35
Change Component Designator: Old Designator=R? New Designator=R20
Change Component Designator: Old Designator=R? New Designator=R21
Change Component Designator: Old Designator=R? New Designator=R22
Change Component Designator: Old Designator=R? New Designator=R25
Change Component Designator: Old Designator=U2 New Designator=U3
Change Component Designator: Old Designator=U3 New Designator=U2
Change Component Designator: Old Designator=U4 New Designator=U5
Change Component Designator: Old Designator=U5 New Designator=U4
